The target system is: Generic -  - 
The host system is: Darwin - 22.3.0 - x86_64
Compiling the C compiler identification source file "CMakeCCompilerId.c" succeeded.
Compiler: /Users/luyetong/.espressif/tools/xtensa-esp32s3-elf/esp-2022r1-11.2.0/xtensa-esp32s3-elf/bin/xtensa-esp32s3-elf-gcc 
Build flags: -mlongcalls;
Id flags:  

The output was:
0


Compilation of the C compiler identification source "CMakeCCompilerId.c" produced "a.out"

The C compiler identification is GNU, found in "/Users/luyetong/ESP32Code/vehicle_monitor_for_esp32s3/build/CMakeFiles/3.24.0/CompilerIdC/a.out"

Compiling the CXX compiler identification source file "CMakeCXXCompilerId.cpp" succeeded.
Compiler: /Users/luyetong/.espressif/tools/xtensa-esp32s3-elf/esp-2022r1-11.2.0/xtensa-esp32s3-elf/bin/xtensa-esp32s3-elf-g++ 
Build flags: -mlongcalls;
Id flags:  

The output was:
0


Compilation of the CXX compiler identification source "CMakeCXXCompilerId.cpp" produced "a.out"

The CXX compiler identification is GNU, found in "/Users/luyetong/ESP32Code/vehicle_monitor_for_esp32s3/build/CMakeFiles/3.24.0/CompilerIdCXX/a.out"

Checking whether the ASM compiler is GNU using "--version" matched "(GNU assembler)|(GCC)|(Free Software Foundation)":
xtensa-esp32s3-elf-gcc (crosstool-NG esp-2022r1) 11.2.0
Copyright (C) 2021 Free Software Foundation, Inc.
This is free software; see the source for copying conditions.  There is NO
warranty; not even for MERCHANTABILITY or FITNESS FOR A PARTICULAR PURPOSE.

Detecting C compiler ABI info compiled with the following output:
Change Dir: /Users/luyetong/ESP32Code/vehicle_monitor_for_esp32s3/build/CMakeFiles/CMakeTmp

Run Build Command(s):/Users/luyetong/.espressif/tools/ninja/1.10.2/ninja cmTC_41640 && [1/2] Building C object CMakeFiles/cmTC_41640.dir/CMakeCCompilerABI.c.obj
Using built-in specs.
COLLECT_GCC=/Users/luyetong/.espressif/tools/xtensa-esp32s3-elf/esp-2022r1-11.2.0/xtensa-esp32s3-elf/bin/xtensa-esp32s3-elf-gcc
Target: xtensa-esp32s3-elf
Configured with: /builds/idf/crosstool-NG/.build/HOST-x86_64-apple-darwin12/xtensa-esp32s3-elf/src/gcc/configure --build=x86_64-build_pc-linux-gnu --host=x86_64-host_apple-darwin12 --target=xtensa-esp32s3-elf --prefix=/builds/idf/crosstool-NG/builds/xtensa-esp32s3-elf --exec_prefix=/builds/idf/crosstool-NG/builds/xtensa-esp32s3-elf --with-local-prefix=/builds/idf/crosstool-NG/builds/xtensa-esp32s3-elf/xtensa-esp32s3-elf --with-headers=/builds/idf/crosstool-NG/builds/xtensa-esp32s3-elf/xtensa-esp32s3-elf/include --with-newlib --enable-threads=no --disable-shared --with-pkgversion='crosstool-NG esp-2022r1' --disable-__cxa_atexit --enable-cxx-flags=-ffunction-sections --disable-libgomp --disable-libmudflap --disable-libmpx --disable-libssp --disable-libquadmath --disable-libquadmath-support --disable-libstdcxx-verbose --with-gmp=/builds/idf/crosstool-NG/.build/HOST-x86_64-apple-darwin12/xtensa-esp32s3-elf/buildtools/complibs-host --with-mpfr=/builds/idf/crosstool-NG/.build/HOST-x86_64-apple-darwin12/xtensa-esp32s3-elf/buildtools/complibs-host --with-mpc=/builds/idf/crosstool-NG/.build/HOST-x86_64-apple-darwin12/xtensa-esp32s3-elf/buildtools/complibs-host --with-isl=/builds/idf/crosstool-NG/.build/HOST-x86_64-apple-darwin12/xtensa-esp32s3-elf/buildtools/complibs-host --enable-lto --enable-target-optspace --without-long-double-128 --disable-nls --enable-multiarch --enable-languages=c,c++ --disable-libstdcxx-verbose --enable-threads=posix --enable-gcov-custom-rtio --enable-libstdcxx-time=yes
Thread model: posix
Supported LTO compression algorithms: zlib
gcc version 11.2.0 (crosstool-NG esp-2022r1) 
COLLECT_GCC_OPTIONS='-mlongcalls' '-v' '-o' 'CMakeFiles/cmTC_41640.dir/CMakeCCompilerABI.c.obj' '-c' '-dumpdir' 'CMakeFiles/cmTC_41640.dir/'
 /Users/luyetong/.espressif/tools/xtensa-esp32s3-elf/esp-2022r1-11.2.0/xtensa-esp32s3-elf/bin/../libexec/gcc/xtensa-esp32s3-elf/11.2.0/cc1 -quiet -v -iprefix /Users/luyetong/.espressif/tools/xtensa-esp32s3-elf/esp-2022r1-11.2.0/xtensa-esp32s3-elf/bin/../lib/gcc/xtensa-esp32s3-elf/11.2.0/ /Users/luyetong/.espressif/tools/cmake/3.24.0/CMake.app/Contents/share/cmake-3.24/Modules/CMakeCCompilerABI.c -quiet -dumpdir CMakeFiles/cmTC_41640.dir/ -dumpbase CMakeCCompilerABI.c.c -dumpbase-ext .c -mlongcalls -version -o /var/folders/d3/nbs01q4n45xbt2fmwqlgyzwm0000gn/T//ccVUvKSX.s
GNU C17 (crosstool-NG esp-2022r1) version 11.2.0 (xtensa-esp32s3-elf)
	compiled by GNU C version 8.3.0, GMP version 6.2.1, MPFR version 4.1.0, MPC version 1.2.1, isl version isl-0.24-GMP

GGC heuristics: --param ggc-min-expand=100 --param ggc-min-heapsize=131072
ignoring duplicate directory "/Users/luyetong/.espressif/tools/xtensa-esp32s3-elf/esp-2022r1-11.2.0/xtensa-esp32s3-elf/bin/../lib/gcc/../../lib/gcc/xtensa-esp32s3-elf/11.2.0/include"
ignoring duplicate directory "/Users/luyetong/.espressif/tools/xtensa-esp32s3-elf/esp-2022r1-11.2.0/xtensa-esp32s3-elf/bin/../lib/gcc/../../lib/gcc/xtensa-esp32s3-elf/11.2.0/include-fixed"
ignoring duplicate directory "/Users/luyetong/.espressif/tools/xtensa-esp32s3-elf/esp-2022r1-11.2.0/xtensa-esp32s3-elf/bin/../lib/gcc/../../lib/gcc/xtensa-esp32s3-elf/11.2.0/../../../../xtensa-esp32s3-elf/sys-include"
ignoring duplicate directory "/Users/luyetong/.espressif/tools/xtensa-esp32s3-elf/esp-2022r1-11.2.0/xtensa-esp32s3-elf/bin/../lib/gcc/../../lib/gcc/xtensa-esp32s3-elf/11.2.0/../../../../xtensa-esp32s3-elf/include"
#include "..." search starts here:
#include <...> search starts here:
 /Users/luyetong/.espressif/tools/xtensa-esp32s3-elf/esp-2022r1-11.2.0/xtensa-esp32s3-elf/bin/../lib/gcc/xtensa-esp32s3-elf/11.2.0/include
 /Users/luyetong/.espressif/tools/xtensa-esp32s3-elf/esp-2022r1-11.2.0/xtensa-esp32s3-elf/bin/../lib/gcc/xtensa-esp32s3-elf/11.2.0/include-fixed
 /Users/luyetong/.espressif/tools/xtensa-esp32s3-elf/esp-2022r1-11.2.0/xtensa-esp32s3-elf/bin/../lib/gcc/xtensa-esp32s3-elf/11.2.0/../../../../xtensa-esp32s3-elf/sys-include
 /Users/luyetong/.espressif/tools/xtensa-esp32s3-elf/esp-2022r1-11.2.0/xtensa-esp32s3-elf/bin/../lib/gcc/xtensa-esp32s3-elf/11.2.0/../../../../xtensa-esp32s3-elf/include
End of search list.
GNU C17 (crosstool-NG esp-2022r1) version 11.2.0 (xtensa-esp32s3-elf)
	compiled by GNU C version 8.3.0, GMP version 6.2.1, MPFR version 4.1.0, MPC version 1.2.1, isl version isl-0.24-GMP

GGC heuristics: --param ggc-min-expand=100 --param ggc-min-heapsize=131072
Compiler executable checksum: 6e16b3f79070446e108d773cdc6ae7af
COLLECT_GCC_OPTIONS='-mlongcalls' '-v' '-o' 'CMakeFiles/cmTC_41640.dir/CMakeCCompilerABI.c.obj' '-c' '-dumpdir' 'CMakeFiles/cmTC_41640.dir/'
 /Users/luyetong/.espressif/tools/xtensa-esp32s3-elf/esp-2022r1-11.2.0/xtensa-esp32s3-elf/bin/../lib/gcc/xtensa-esp32s3-elf/11.2.0/../../../../xtensa-esp32s3-elf/bin/as --traditional-format --longcalls -o CMakeFiles/cmTC_41640.dir/CMakeCCompilerABI.c.obj /var/folders/d3/nbs01q4n45xbt2fmwqlgyzwm0000gn/T//ccVUvKSX.s
COMPILER_PATH=/Users/luyetong/.espressif/tools/xtensa-esp32s3-elf/esp-2022r1-11.2.0/xtensa-esp32s3-elf/bin/../libexec/gcc/xtensa-esp32s3-elf/11.2.0/:/Users/luyetong/.espressif/tools/xtensa-esp32s3-elf/esp-2022r1-11.2.0/xtensa-esp32s3-elf/bin/../libexec/gcc/:/Users/luyetong/.espressif/tools/xtensa-esp32s3-elf/esp-2022r1-11.2.0/xtensa-esp32s3-elf/bin/../lib/gcc/xtensa-esp32s3-elf/11.2.0/../../../../xtensa-esp32s3-elf/bin/
LIBRARY_PATH=/Users/luyetong/.espressif/tools/xtensa-esp32s3-elf/esp-2022r1-11.2.0/xtensa-esp32s3-elf/bin/../lib/gcc/xtensa-esp32s3-elf/11.2.0/:/Users/luyetong/.espressif/tools/xtensa-esp32s3-elf/esp-2022r1-11.2.0/xtensa-esp32s3-elf/bin/../lib/gcc/:/Users/luyetong/.espressif/tools/xtensa-esp32s3-elf/esp-2022r1-11.2.0/xtensa-esp32s3-elf/bin/../lib/gcc/xtensa-esp32s3-elf/11.2.0/../../../../xtensa-esp32s3-elf/lib/
COLLECT_GCC_OPTIONS='-mlongcalls' '-v' '-o' 'CMakeFiles/cmTC_41640.dir/CMakeCCompilerABI.c.obj' '-c' '-dumpdir' 'CMakeFiles/cmTC_41640.dir/CMakeCCompilerABI.c.'
[2/2] Linking C executable cmTC_41640
Using built-in specs.
COLLECT_GCC=/Users/luyetong/.espressif/tools/xtensa-esp32s3-elf/esp-2022r1-11.2.0/xtensa-esp32s3-elf/bin/xtensa-esp32s3-elf-gcc
COLLECT_LTO_WRAPPER=/Users/luyetong/.espressif/tools/xtensa-esp32s3-elf/esp-2022r1-11.2.0/xtensa-esp32s3-elf/bin/../libexec/gcc/xtensa-esp32s3-elf/11.2.0/lto-wrapper
Target: xtensa-esp32s3-elf
Configured with: /builds/idf/crosstool-NG/.build/HOST-x86_64-apple-darwin12/xtensa-esp32s3-elf/src/gcc/configure --build=x86_64-build_pc-linux-gnu --host=x86_64-host_apple-darwin12 --target=xtensa-esp32s3-elf --prefix=/builds/idf/crosstool-NG/builds/xtensa-esp32s3-elf --exec_prefix=/builds/idf/crosstool-NG/builds/xtensa-esp32s3-elf --with-local-prefix=/builds/idf/crosstool-NG/builds/xtensa-esp32s3-elf/xtensa-esp32s3-elf --with-headers=/builds/idf/crosstool-NG/builds/xtensa-esp32s3-elf/xtensa-esp32s3-elf/include --with-newlib --enable-threads=no --disable-shared --with-pkgversion='crosstool-NG esp-2022r1' --disable-__cxa_atexit --enable-cxx-flags=-ffunction-sections --disable-libgomp --disable-libmudflap --disable-libmpx --disable-libssp --disable-libquadmath --disable-libquadmath-support --disable-libstdcxx-verbose --with-gmp=/builds/idf/crosstool-NG/.build/HOST-x86_64-apple-darwin12/xtensa-esp32s3-elf/buildtools/complibs-host --with-mpfr=/builds/idf/crosstool-NG/.build/HOST-x86_64-apple-darwin12/xtensa-esp32s3-elf/buildtools/complibs-host --with-mpc=/builds/idf/crosstool-NG/.build/HOST-x86_64-apple-darwin12/xtensa-esp32s3-elf/buildtools/complibs-host --with-isl=/builds/idf/crosstool-NG/.build/HOST-x86_64-apple-darwin12/xtensa-esp32s3-elf/buildtools/complibs-host --enable-lto --enable-target-optspace --without-long-double-128 --disable-nls --enable-multiarch --enable-languages=c,c++ --disable-libstdcxx-verbose --enable-threads=posix --enable-gcov-custom-rtio --enable-libstdcxx-time=yes
Thread model: posix
Supported LTO compression algorithms: zlib
gcc version 11.2.0 (crosstool-NG esp-2022r1) 
COMPILER_PATH=/Users/luyetong/.espressif/tools/xtensa-esp32s3-elf/esp-2022r1-11.2.0/xtensa-esp32s3-elf/bin/../libexec/gcc/xtensa-esp32s3-elf/11.2.0/:/Users/luyetong/.espressif/tools/xtensa-esp32s3-elf/esp-2022r1-11.2.0/xtensa-esp32s3-elf/bin/../libexec/gcc/:/Users/luyetong/.espressif/tools/xtensa-esp32s3-elf/esp-2022r1-11.2.0/xtensa-esp32s3-elf/bin/../lib/gcc/xtensa-esp32s3-elf/11.2.0/../../../../xtensa-esp32s3-elf/bin/
LIBRARY_PATH=/Users/luyetong/.espressif/tools/xtensa-esp32s3-elf/esp-2022r1-11.2.0/xtensa-esp32s3-elf/bin/../lib/gcc/xtensa-esp32s3-elf/11.2.0/:/Users/luyetong/.espressif/tools/xtensa-esp32s3-elf/esp-2022r1-11.2.0/xtensa-esp32s3-elf/bin/../lib/gcc/:/Users/luyetong/.espressif/tools/xtensa-esp32s3-elf/esp-2022r1-11.2.0/xtensa-esp32s3-elf/bin/../lib/gcc/xtensa-esp32s3-elf/11.2.0/../../../../xtensa-esp32s3-elf/lib/
COLLECT_GCC_OPTIONS='-mlongcalls' '-v' '-o' 'cmTC_41640' '-dumpdir' 'cmTC_41640.'
 /Users/luyetong/.espressif/tools/xtensa-esp32s3-elf/esp-2022r1-11.2.0/xtensa-esp32s3-elf/bin/../libexec/gcc/xtensa-esp32s3-elf/11.2.0/collect2 -plugin /Users/luyetong/.espressif/tools/xtensa-esp32s3-elf/esp-2022r1-11.2.0/xtensa-esp32s3-elf/bin/../libexec/gcc/xtensa-esp32s3-elf/11.2.0/liblto_plugin.so -plugin-opt=/Users/luyetong/.espressif/tools/xtensa-esp32s3-elf/esp-2022r1-11.2.0/xtensa-esp32s3-elf/bin/../libexec/gcc/xtensa-esp32s3-elf/11.2.0/lto-wrapper -plugin-opt=-fresolution=/var/folders/d3/nbs01q4n45xbt2fmwqlgyzwm0000gn/T//ccqaX8ql.res -plugin-opt=-pass-through=-lgcc -plugin-opt=-pass-through=-lc -plugin-opt=-pass-through=-lnosys -plugin-opt=-pass-through=-lc -plugin-opt=-pass-through=-lgcc -o cmTC_41640 /Users/luyetong/.espressif/tools/xtensa-esp32s3-elf/esp-2022r1-11.2.0/xtensa-esp32s3-elf/bin/../lib/gcc/xtensa-esp32s3-elf/11.2.0/../../../../xtensa-esp32s3-elf/lib/crt0.o /Users/luyetong/.espressif/tools/xtensa-esp32s3-elf/esp-2022r1-11.2.0/xtensa-esp32s3-elf/bin/../lib/gcc/xtensa-esp32s3-elf/11.2.0/crti.o /Users/luyetong/.espressif/tools/xtensa-esp32s3-elf/esp-2022r1-11.2.0/xtensa-esp32s3-elf/bin/../lib/gcc/xtensa-esp32s3-elf/11.2.0/crtbegin.o -L/Users/luyetong/.espressif/tools/xtensa-esp32s3-elf/esp-2022r1-11.2.0/xtensa-esp32s3-elf/bin/../lib/gcc/xtensa-esp32s3-elf/11.2.0 -L/Users/luyetong/.espressif/tools/xtensa-esp32s3-elf/esp-2022r1-11.2.0/xtensa-esp32s3-elf/bin/../lib/gcc -L/Users/luyetong/.espressif/tools/xtensa-esp32s3-elf/esp-2022r1-11.2.0/xtensa-esp32s3-elf/bin/../lib/gcc/xtensa-esp32s3-elf/11.2.0/../../../../xtensa-esp32s3-elf/lib CMakeFiles/cmTC_41640.dir/CMakeCCompilerABI.c.obj -lgcc -lc -lnosys -lc -lgcc /Users/luyetong/.espressif/tools/xtensa-esp32s3-elf/esp-2022r1-11.2.0/xtensa-esp32s3-elf/bin/../lib/gcc/xtensa-esp32s3-elf/11.2.0/crtend.o /Users/luyetong/.espressif/tools/xtensa-esp32s3-elf/esp-2022r1-11.2.0/xtensa-esp32s3-elf/bin/../lib/gcc/xtensa-esp32s3-elf/11.2.0/crtn.o
COLLECT_GCC_OPTIONS='-mlongcalls' '-v' '-o' 'cmTC_41640' '-dumpdir' 'cmTC_41640.'



Parsed C implicit include dir info from above output: rv=done
  found start of include info
  found start of implicit include info
    add: [/Users/luyetong/.espressif/tools/xtensa-esp32s3-elf/esp-2022r1-11.2.0/xtensa-esp32s3-elf/bin/../lib/gcc/xtensa-esp32s3-elf/11.2.0/include]
    add: [/Users/luyetong/.espressif/tools/xtensa-esp32s3-elf/esp-2022r1-11.2.0/xtensa-esp32s3-elf/bin/../lib/gcc/xtensa-esp32s3-elf/11.2.0/include-fixed]
    add: [/Users/luyetong/.espressif/tools/xtensa-esp32s3-elf/esp-2022r1-11.2.0/xtensa-esp32s3-elf/bin/../lib/gcc/xtensa-esp32s3-elf/11.2.0/../../../../xtensa-esp32s3-elf/sys-include]
    add: [/Users/luyetong/.espressif/tools/xtensa-esp32s3-elf/esp-2022r1-11.2.0/xtensa-esp32s3-elf/bin/../lib/gcc/xtensa-esp32s3-elf/11.2.0/../../../../xtensa-esp32s3-elf/include]
  end of search list found
  collapse include dir [/Users/luyetong/.espressif/tools/xtensa-esp32s3-elf/esp-2022r1-11.2.0/xtensa-esp32s3-elf/bin/../lib/gcc/xtensa-esp32s3-elf/11.2.0/include] ==> [/Users/luyetong/.espressif/tools/xtensa-esp32s3-elf/esp-2022r1-11.2.0/xtensa-esp32s3-elf/lib/gcc/xtensa-esp32s3-elf/11.2.0/include]
  collapse include dir [/Users/luyetong/.espressif/tools/xtensa-esp32s3-elf/esp-2022r1-11.2.0/xtensa-esp32s3-elf/bin/../lib/gcc/xtensa-esp32s3-elf/11.2.0/include-fixed] ==> [/Users/luyetong/.espressif/tools/xtensa-esp32s3-elf/esp-2022r1-11.2.0/xtensa-esp32s3-elf/lib/gcc/xtensa-esp32s3-elf/11.2.0/include-fixed]
  collapse include dir [/Users/luyetong/.espressif/tools/xtensa-esp32s3-elf/esp-2022r1-11.2.0/xtensa-esp32s3-elf/bin/../lib/gcc/xtensa-esp32s3-elf/11.2.0/../../../../xtensa-esp32s3-elf/sys-include] ==> [/Users/luyetong/.espressif/tools/xtensa-esp32s3-elf/esp-2022r1-11.2.0/xtensa-esp32s3-elf/xtensa-esp32s3-elf/sys-include]
  collapse include dir [/Users/luyetong/.espressif/tools/xtensa-esp32s3-elf/esp-2022r1-11.2.0/xtensa-esp32s3-elf/bin/../lib/gcc/xtensa-esp32s3-elf/11.2.0/../../../../xtensa-esp32s3-elf/include] ==> [/Users/luyetong/.espressif/tools/xtensa-esp32s3-elf/esp-2022r1-11.2.0/xtensa-esp32s3-elf/xtensa-esp32s3-elf/include]
  implicit include dirs: [/Users/luyetong/.espressif/tools/xtensa-esp32s3-elf/esp-2022r1-11.2.0/xtensa-esp32s3-elf/lib/gcc/xtensa-esp32s3-elf/11.2.0/include;/Users/luyetong/.espressif/tools/xtensa-esp32s3-elf/esp-2022r1-11.2.0/xtensa-esp32s3-elf/lib/gcc/xtensa-esp32s3-elf/11.2.0/include-fixed;/Users/luyetong/.espressif/tools/xtensa-esp32s3-elf/esp-2022r1-11.2.0/xtensa-esp32s3-elf/xtensa-esp32s3-elf/sys-include;/Users/luyetong/.espressif/tools/xtensa-esp32s3-elf/esp-2022r1-11.2.0/xtensa-esp32s3-elf/xtensa-esp32s3-elf/include]


Parsed C implicit link information from above output:
  link line regex: [^( *|.*[/\])(xtensa-esp32s3-elf-ld|CMAKE_LINK_STARTFILE-NOTFOUND|([^/\]+-)?ld|collect2)[^/\]*( |$)]
  ignore line: [Change Dir: /Users/luyetong/ESP32Code/vehicle_monitor_for_esp32s3/build/CMakeFiles/CMakeTmp]
  ignore line: []
  ignore line: [Run Build Command(s):/Users/luyetong/.espressif/tools/ninja/1.10.2/ninja cmTC_41640 && [1/2] Building C object CMakeFiles/cmTC_41640.dir/CMakeCCompilerABI.c.obj]
  ignore line: [Using built-in specs.]
  ignore line: [COLLECT_GCC=/Users/luyetong/.espressif/tools/xtensa-esp32s3-elf/esp-2022r1-11.2.0/xtensa-esp32s3-elf/bin/xtensa-esp32s3-elf-gcc]
  ignore line: [Target: xtensa-esp32s3-elf]
  ignore line: [Configured with: /builds/idf/crosstool-NG/.build/HOST-x86_64-apple-darwin12/xtensa-esp32s3-elf/src/gcc/configure --build=x86_64-build_pc-linux-gnu --host=x86_64-host_apple-darwin12 --target=xtensa-esp32s3-elf --prefix=/builds/idf/crosstool-NG/builds/xtensa-esp32s3-elf --exec_prefix=/builds/idf/crosstool-NG/builds/xtensa-esp32s3-elf --with-local-prefix=/builds/idf/crosstool-NG/builds/xtensa-esp32s3-elf/xtensa-esp32s3-elf --with-headers=/builds/idf/crosstool-NG/builds/xtensa-esp32s3-elf/xtensa-esp32s3-elf/include --with-newlib --enable-threads=no --disable-shared --with-pkgversion='crosstool-NG esp-2022r1' --disable-__cxa_atexit --enable-cxx-flags=-ffunction-sections --disable-libgomp --disable-libmudflap --disable-libmpx --disable-libssp --disable-libquadmath --disable-libquadmath-support --disable-libstdcxx-verbose --with-gmp=/builds/idf/crosstool-NG/.build/HOST-x86_64-apple-darwin12/xtensa-esp32s3-elf/buildtools/complibs-host --with-mpfr=/builds/idf/crosstool-NG/.build/HOST-x86_64-apple-darwin12/xtensa-esp32s3-elf/buildtools/complibs-host --with-mpc=/builds/idf/crosstool-NG/.build/HOST-x86_64-apple-darwin12/xtensa-esp32s3-elf/buildtools/complibs-host --with-isl=/builds/idf/crosstool-NG/.build/HOST-x86_64-apple-darwin12/xtensa-esp32s3-elf/buildtools/complibs-host --enable-lto --enable-target-optspace --without-long-double-128 --disable-nls --enable-multiarch --enable-languages=c c++ --disable-libstdcxx-verbose --enable-threads=posix --enable-gcov-custom-rtio --enable-libstdcxx-time=yes]
  ignore line: [Thread model: posix]
  ignore line: [Supported LTO compression algorithms: zlib]
  ignore line: [gcc version 11.2.0 (crosstool-NG esp-2022r1) ]
  ignore line: [COLLECT_GCC_OPTIONS='-mlongcalls' '-v' '-o' 'CMakeFiles/cmTC_41640.dir/CMakeCCompilerABI.c.obj' '-c' '-dumpdir' 'CMakeFiles/cmTC_41640.dir/']
  ignore line: [ /Users/luyetong/.espressif/tools/xtensa-esp32s3-elf/esp-2022r1-11.2.0/xtensa-esp32s3-elf/bin/../libexec/gcc/xtensa-esp32s3-elf/11.2.0/cc1 -quiet -v -iprefix /Users/luyetong/.espressif/tools/xtensa-esp32s3-elf/esp-2022r1-11.2.0/xtensa-esp32s3-elf/bin/../lib/gcc/xtensa-esp32s3-elf/11.2.0/ /Users/luyetong/.espressif/tools/cmake/3.24.0/CMake.app/Contents/share/cmake-3.24/Modules/CMakeCCompilerABI.c -quiet -dumpdir CMakeFiles/cmTC_41640.dir/ -dumpbase CMakeCCompilerABI.c.c -dumpbase-ext .c -mlongcalls -version -o /var/folders/d3/nbs01q4n45xbt2fmwqlgyzwm0000gn/T//ccVUvKSX.s]
  ignore line: [GNU C17 (crosstool-NG esp-2022r1) version 11.2.0 (xtensa-esp32s3-elf)]
  ignore line: [	compiled by GNU C version 8.3.0  GMP version 6.2.1  MPFR version 4.1.0  MPC version 1.2.1  isl version isl-0.24-GMP]
  ignore line: []
  ignore line: [GGC heuristics: --param ggc-min-expand=100 --param ggc-min-heapsize=131072]
  ignore line: [ignoring duplicate directory "/Users/luyetong/.espressif/tools/xtensa-esp32s3-elf/esp-2022r1-11.2.0/xtensa-esp32s3-elf/bin/../lib/gcc/../../lib/gcc/xtensa-esp32s3-elf/11.2.0/include"]
  ignore line: [ignoring duplicate directory "/Users/luyetong/.espressif/tools/xtensa-esp32s3-elf/esp-2022r1-11.2.0/xtensa-esp32s3-elf/bin/../lib/gcc/../../lib/gcc/xtensa-esp32s3-elf/11.2.0/include-fixed"]
  ignore line: [ignoring duplicate directory "/Users/luyetong/.espressif/tools/xtensa-esp32s3-elf/esp-2022r1-11.2.0/xtensa-esp32s3-elf/bin/../lib/gcc/../../lib/gcc/xtensa-esp32s3-elf/11.2.0/../../../../xtensa-esp32s3-elf/sys-include"]
  ignore line: [ignoring duplicate directory "/Users/luyetong/.espressif/tools/xtensa-esp32s3-elf/esp-2022r1-11.2.0/xtensa-esp32s3-elf/bin/../lib/gcc/../../lib/gcc/xtensa-esp32s3-elf/11.2.0/../../../../xtensa-esp32s3-elf/include"]
  ignore line: [#include "..." search starts here:]
  ignore line: [#include <...> search starts here:]
  ignore line: [ /Users/luyetong/.espressif/tools/xtensa-esp32s3-elf/esp-2022r1-11.2.0/xtensa-esp32s3-elf/bin/../lib/gcc/xtensa-esp32s3-elf/11.2.0/include]
  ignore line: [ /Users/luyetong/.espressif/tools/xtensa-esp32s3-elf/esp-2022r1-11.2.0/xtensa-esp32s3-elf/bin/../lib/gcc/xtensa-esp32s3-elf/11.2.0/include-fixed]
  ignore line: [ /Users/luyetong/.espressif/tools/xtensa-esp32s3-elf/esp-2022r1-11.2.0/xtensa-esp32s3-elf/bin/../lib/gcc/xtensa-esp32s3-elf/11.2.0/../../../../xtensa-esp32s3-elf/sys-include]
  ignore line: [ /Users/luyetong/.espressif/tools/xtensa-esp32s3-elf/esp-2022r1-11.2.0/xtensa-esp32s3-elf/bin/../lib/gcc/xtensa-esp32s3-elf/11.2.0/../../../../xtensa-esp32s3-elf/include]
  ignore line: [End of search list.]
  ignore line: [GNU C17 (crosstool-NG esp-2022r1) version 11.2.0 (xtensa-esp32s3-elf)]
  ignore line: [	compiled by GNU C version 8.3.0  GMP version 6.2.1  MPFR version 4.1.0  MPC version 1.2.1  isl version isl-0.24-GMP]
  ignore line: []
  ignore line: [GGC heuristics: --param ggc-min-expand=100 --param ggc-min-heapsize=131072]
  ignore line: [Compiler executable checksum: 6e16b3f79070446e108d773cdc6ae7af]
  ignore line: [COLLECT_GCC_OPTIONS='-mlongcalls' '-v' '-o' 'CMakeFiles/cmTC_41640.dir/CMakeCCompilerABI.c.obj' '-c' '-dumpdir' 'CMakeFiles/cmTC_41640.dir/']
  ignore line: [ /Users/luyetong/.espressif/tools/xtensa-esp32s3-elf/esp-2022r1-11.2.0/xtensa-esp32s3-elf/bin/../lib/gcc/xtensa-esp32s3-elf/11.2.0/../../../../xtensa-esp32s3-elf/bin/as --traditional-format --longcalls -o CMakeFiles/cmTC_41640.dir/CMakeCCompilerABI.c.obj /var/folders/d3/nbs01q4n45xbt2fmwqlgyzwm0000gn/T//ccVUvKSX.s]
  ignore line: [COMPILER_PATH=/Users/luyetong/.espressif/tools/xtensa-esp32s3-elf/esp-2022r1-11.2.0/xtensa-esp32s3-elf/bin/../libexec/gcc/xtensa-esp32s3-elf/11.2.0/:/Users/luyetong/.espressif/tools/xtensa-esp32s3-elf/esp-2022r1-11.2.0/xtensa-esp32s3-elf/bin/../libexec/gcc/:/Users/luyetong/.espressif/tools/xtensa-esp32s3-elf/esp-2022r1-11.2.0/xtensa-esp32s3-elf/bin/../lib/gcc/xtensa-esp32s3-elf/11.2.0/../../../../xtensa-esp32s3-elf/bin/]
  ignore line: [LIBRARY_PATH=/Users/luyetong/.espressif/tools/xtensa-esp32s3-elf/esp-2022r1-11.2.0/xtensa-esp32s3-elf/bin/../lib/gcc/xtensa-esp32s3-elf/11.2.0/:/Users/luyetong/.espressif/tools/xtensa-esp32s3-elf/esp-2022r1-11.2.0/xtensa-esp32s3-elf/bin/../lib/gcc/:/Users/luyetong/.espressif/tools/xtensa-esp32s3-elf/esp-2022r1-11.2.0/xtensa-esp32s3-elf/bin/../lib/gcc/xtensa-esp32s3-elf/11.2.0/../../../../xtensa-esp32s3-elf/lib/]
  ignore line: [COLLECT_GCC_OPTIONS='-mlongcalls' '-v' '-o' 'CMakeFiles/cmTC_41640.dir/CMakeCCompilerABI.c.obj' '-c' '-dumpdir' 'CMakeFiles/cmTC_41640.dir/CMakeCCompilerABI.c.']
  ignore line: [[2/2] Linking C executable cmTC_41640]
  ignore line: [Using built-in specs.]
  ignore line: [COLLECT_GCC=/Users/luyetong/.espressif/tools/xtensa-esp32s3-elf/esp-2022r1-11.2.0/xtensa-esp32s3-elf/bin/xtensa-esp32s3-elf-gcc]
  ignore line: [COLLECT_LTO_WRAPPER=/Users/luyetong/.espressif/tools/xtensa-esp32s3-elf/esp-2022r1-11.2.0/xtensa-esp32s3-elf/bin/../libexec/gcc/xtensa-esp32s3-elf/11.2.0/lto-wrapper]
  ignore line: [Target: xtensa-esp32s3-elf]
  ignore line: [Configured with: /builds/idf/crosstool-NG/.build/HOST-x86_64-apple-darwin12/xtensa-esp32s3-elf/src/gcc/configure --build=x86_64-build_pc-linux-gnu --host=x86_64-host_apple-darwin12 --target=xtensa-esp32s3-elf --prefix=/builds/idf/crosstool-NG/builds/xtensa-esp32s3-elf --exec_prefix=/builds/idf/crosstool-NG/builds/xtensa-esp32s3-elf --with-local-prefix=/builds/idf/crosstool-NG/builds/xtensa-esp32s3-elf/xtensa-esp32s3-elf --with-headers=/builds/idf/crosstool-NG/builds/xtensa-esp32s3-elf/xtensa-esp32s3-elf/include --with-newlib --enable-threads=no --disable-shared --with-pkgversion='crosstool-NG esp-2022r1' --disable-__cxa_atexit --enable-cxx-flags=-ffunction-sections --disable-libgomp --disable-libmudflap --disable-libmpx --disable-libssp --disable-libquadmath --disable-libquadmath-support --disable-libstdcxx-verbose --with-gmp=/builds/idf/crosstool-NG/.build/HOST-x86_64-apple-darwin12/xtensa-esp32s3-elf/buildtools/complibs-host --with-mpfr=/builds/idf/crosstool-NG/.build/HOST-x86_64-apple-darwin12/xtensa-esp32s3-elf/buildtools/complibs-host --with-mpc=/builds/idf/crosstool-NG/.build/HOST-x86_64-apple-darwin12/xtensa-esp32s3-elf/buildtools/complibs-host --with-isl=/builds/idf/crosstool-NG/.build/HOST-x86_64-apple-darwin12/xtensa-esp32s3-elf/buildtools/complibs-host --enable-lto --enable-target-optspace --without-long-double-128 --disable-nls --enable-multiarch --enable-languages=c c++ --disable-libstdcxx-verbose --enable-threads=posix --enable-gcov-custom-rtio --enable-libstdcxx-time=yes]
  ignore line: [Thread model: posix]
  ignore line: [Supported LTO compression algorithms: zlib]
  ignore line: [gcc version 11.2.0 (crosstool-NG esp-2022r1) ]
  ignore line: [COMPILER_PATH=/Users/luyetong/.espressif/tools/xtensa-esp32s3-elf/esp-2022r1-11.2.0/xtensa-esp32s3-elf/bin/../libexec/gcc/xtensa-esp32s3-elf/11.2.0/:/Users/luyetong/.espressif/tools/xtensa-esp32s3-elf/esp-2022r1-11.2.0/xtensa-esp32s3-elf/bin/../libexec/gcc/:/Users/luyetong/.espressif/tools/xtensa-esp32s3-elf/esp-2022r1-11.2.0/xtensa-esp32s3-elf/bin/../lib/gcc/xtensa-esp32s3-elf/11.2.0/../../../../xtensa-esp32s3-elf/bin/]
  ignore line: [LIBRARY_PATH=/Users/luyetong/.espressif/tools/xtensa-esp32s3-elf/esp-2022r1-11.2.0/xtensa-esp32s3-elf/bin/../lib/gcc/xtensa-esp32s3-elf/11.2.0/:/Users/luyetong/.espressif/tools/xtensa-esp32s3-elf/esp-2022r1-11.2.0/xtensa-esp32s3-elf/bin/../lib/gcc/:/Users/luyetong/.espressif/tools/xtensa-esp32s3-elf/esp-2022r1-11.2.0/xtensa-esp32s3-elf/bin/../lib/gcc/xtensa-esp32s3-elf/11.2.0/../../../../xtensa-esp32s3-elf/lib/]
  ignore line: [COLLECT_GCC_OPTIONS='-mlongcalls' '-v' '-o' 'cmTC_41640' '-dumpdir' 'cmTC_41640.']
  link line: [ /Users/luyetong/.espressif/tools/xtensa-esp32s3-elf/esp-2022r1-11.2.0/xtensa-esp32s3-elf/bin/../libexec/gcc/xtensa-esp32s3-elf/11.2.0/collect2 -plugin /Users/luyetong/.espressif/tools/xtensa-esp32s3-elf/esp-2022r1-11.2.0/xtensa-esp32s3-elf/bin/../libexec/gcc/xtensa-esp32s3-elf/11.2.0/liblto_plugin.so -plugin-opt=/Users/luyetong/.espressif/tools/xtensa-esp32s3-elf/esp-2022r1-11.2.0/xtensa-esp32s3-elf/bin/../libexec/gcc/xtensa-esp32s3-elf/11.2.0/lto-wrapper -plugin-opt=-fresolution=/var/folders/d3/nbs01q4n45xbt2fmwqlgyzwm0000gn/T//ccqaX8ql.res -plugin-opt=-pass-through=-lgcc -plugin-opt=-pass-through=-lc -plugin-opt=-pass-through=-lnosys -plugin-opt=-pass-through=-lc -plugin-opt=-pass-through=-lgcc -o cmTC_41640 /Users/luyetong/.espressif/tools/xtensa-esp32s3-elf/esp-2022r1-11.2.0/xtensa-esp32s3-elf/bin/../lib/gcc/xtensa-esp32s3-elf/11.2.0/../../../../xtensa-esp32s3-elf/lib/crt0.o /Users/luyetong/.espressif/tools/xtensa-esp32s3-elf/esp-2022r1-11.2.0/xtensa-esp32s3-elf/bin/../lib/gcc/xtensa-esp32s3-elf/11.2.0/crti.o /Users/luyetong/.espressif/tools/xtensa-esp32s3-elf/esp-2022r1-11.2.0/xtensa-esp32s3-elf/bin/../lib/gcc/xtensa-esp32s3-elf/11.2.0/crtbegin.o -L/Users/luyetong/.espressif/tools/xtensa-esp32s3-elf/esp-2022r1-11.2.0/xtensa-esp32s3-elf/bin/../lib/gcc/xtensa-esp32s3-elf/11.2.0 -L/Users/luyetong/.espressif/tools/xtensa-esp32s3-elf/esp-2022r1-11.2.0/xtensa-esp32s3-elf/bin/../lib/gcc -L/Users/luyetong/.espressif/tools/xtensa-esp32s3-elf/esp-2022r1-11.2.0/xtensa-esp32s3-elf/bin/../lib/gcc/xtensa-esp32s3-elf/11.2.0/../../../../xtensa-esp32s3-elf/lib CMakeFiles/cmTC_41640.dir/CMakeCCompilerABI.c.obj -lgcc -lc -lnosys -lc -lgcc /Users/luyetong/.espressif/tools/xtensa-esp32s3-elf/esp-2022r1-11.2.0/xtensa-esp32s3-elf/bin/../lib/gcc/xtensa-esp32s3-elf/11.2.0/crtend.o /Users/luyetong/.espressif/tools/xtensa-esp32s3-elf/esp-2022r1-11.2.0/xtensa-esp32s3-elf/bin/../lib/gcc/xtensa-esp32s3-elf/11.2.0/crtn.o]
    arg [/Users/luyetong/.espressif/tools/xtensa-esp32s3-elf/esp-2022r1-11.2.0/xtensa-esp32s3-elf/bin/../libexec/gcc/xtensa-esp32s3-elf/11.2.0/collect2] ==> ignore
    arg [-plugin] ==> ignore
    arg [/Users/luyetong/.espressif/tools/xtensa-esp32s3-elf/esp-2022r1-11.2.0/xtensa-esp32s3-elf/bin/../libexec/gcc/xtensa-esp32s3-elf/11.2.0/liblto_plugin.so] ==> ignore
    arg [-plugin-opt=/Users/luyetong/.espressif/tools/xtensa-esp32s3-elf/esp-2022r1-11.2.0/xtensa-esp32s3-elf/bin/../libexec/gcc/xtensa-esp32s3-elf/11.2.0/lto-wrapper] ==> ignore
    arg [-plugin-opt=-fresolution=/var/folders/d3/nbs01q4n45xbt2fmwqlgyzwm0000gn/T//ccqaX8ql.res] ==> ignore
    arg [-plugin-opt=-pass-through=-lgcc] ==> ignore
    arg [-plugin-opt=-pass-through=-lc] ==> ignore
    arg [-plugin-opt=-pass-through=-lnosys] ==> ignore
    arg [-plugin-opt=-pass-through=-lc] ==> ignore
    arg [-plugin-opt=-pass-through=-lgcc] ==> ignore
    arg [-o] ==> ignore
    arg [cmTC_41640] ==> ignore
    arg [/Users/luyetong/.espressif/tools/xtensa-esp32s3-elf/esp-2022r1-11.2.0/xtensa-esp32s3-elf/bin/../lib/gcc/xtensa-esp32s3-elf/11.2.0/../../../../xtensa-esp32s3-elf/lib/crt0.o] ==> obj [/Users/luyetong/.espressif/tools/xtensa-esp32s3-elf/esp-2022r1-11.2.0/xtensa-esp32s3-elf/bin/../lib/gcc/xtensa-esp32s3-elf/11.2.0/../../../../xtensa-esp32s3-elf/lib/crt0.o]
    arg [/Users/luyetong/.espressif/tools/xtensa-esp32s3-elf/esp-2022r1-11.2.0/xtensa-esp32s3-elf/bin/../lib/gcc/xtensa-esp32s3-elf/11.2.0/crti.o] ==> obj [/Users/luyetong/.espressif/tools/xtensa-esp32s3-elf/esp-2022r1-11.2.0/xtensa-esp32s3-elf/bin/../lib/gcc/xtensa-esp32s3-elf/11.2.0/crti.o]
    arg [/Users/luyetong/.espressif/tools/xtensa-esp32s3-elf/esp-2022r1-11.2.0/xtensa-esp32s3-elf/bin/../lib/gcc/xtensa-esp32s3-elf/11.2.0/crtbegin.o] ==> obj [/Users/luyetong/.espressif/tools/xtensa-esp32s3-elf/esp-2022r1-11.2.0/xtensa-esp32s3-elf/bin/../lib/gcc/xtensa-esp32s3-elf/11.2.0/crtbegin.o]
    arg [-L/Users/luyetong/.espressif/tools/xtensa-esp32s3-elf/esp-2022r1-11.2.0/xtensa-esp32s3-elf/bin/../lib/gcc/xtensa-esp32s3-elf/11.2.0] ==> dir [/Users/luyetong/.espressif/tools/xtensa-esp32s3-elf/esp-2022r1-11.2.0/xtensa-esp32s3-elf/bin/../lib/gcc/xtensa-esp32s3-elf/11.2.0]
    arg [-L/Users/luyetong/.espressif/tools/xtensa-esp32s3-elf/esp-2022r1-11.2.0/xtensa-esp32s3-elf/bin/../lib/gcc] ==> dir [/Users/luyetong/.espressif/tools/xtensa-esp32s3-elf/esp-2022r1-11.2.0/xtensa-esp32s3-elf/bin/../lib/gcc]
    arg [-L/Users/luyetong/.espressif/tools/xtensa-esp32s3-elf/esp-2022r1-11.2.0/xtensa-esp32s3-elf/bin/../lib/gcc/xtensa-esp32s3-elf/11.2.0/../../../../xtensa-esp32s3-elf/lib] ==> dir [/Users/luyetong/.espressif/tools/xtensa-esp32s3-elf/esp-2022r1-11.2.0/xtensa-esp32s3-elf/bin/../lib/gcc/xtensa-esp32s3-elf/11.2.0/../../../../xtensa-esp32s3-elf/lib]
    arg [CMakeFiles/cmTC_41640.dir/CMakeCCompilerABI.c.obj] ==> ignore
    arg [-lgcc] ==> lib [gcc]
    arg [-lc] ==> lib [c]
    arg [-lnosys] ==> lib [nosys]
    arg [-lc] ==> lib [c]
    arg [-lgcc] ==> lib [gcc]
    arg [/Users/luyetong/.espressif/tools/xtensa-esp32s3-elf/esp-2022r1-11.2.0/xtensa-esp32s3-elf/bin/../lib/gcc/xtensa-esp32s3-elf/11.2.0/crtend.o] ==> obj [/Users/luyetong/.espressif/tools/xtensa-esp32s3-elf/esp-2022r1-11.2.0/xtensa-esp32s3-elf/bin/../lib/gcc/xtensa-esp32s3-elf/11.2.0/crtend.o]
    arg [/Users/luyetong/.espressif/tools/xtensa-esp32s3-elf/esp-2022r1-11.2.0/xtensa-esp32s3-elf/bin/../lib/gcc/xtensa-esp32s3-elf/11.2.0/crtn.o] ==> obj [/Users/luyetong/.espressif/tools/xtensa-esp32s3-elf/esp-2022r1-11.2.0/xtensa-esp32s3-elf/bin/../lib/gcc/xtensa-esp32s3-elf/11.2.0/crtn.o]
  collapse obj [/Users/luyetong/.espressif/tools/xtensa-esp32s3-elf/esp-2022r1-11.2.0/xtensa-esp32s3-elf/bin/../lib/gcc/xtensa-esp32s3-elf/11.2.0/../../../../xtensa-esp32s3-elf/lib/crt0.o] ==> [/Users/luyetong/.espressif/tools/xtensa-esp32s3-elf/esp-2022r1-11.2.0/xtensa-esp32s3-elf/xtensa-esp32s3-elf/lib/crt0.o]
  collapse obj [/Users/luyetong/.espressif/tools/xtensa-esp32s3-elf/esp-2022r1-11.2.0/xtensa-esp32s3-elf/bin/../lib/gcc/xtensa-esp32s3-elf/11.2.0/crti.o] ==> [/Users/luyetong/.espressif/tools/xtensa-esp32s3-elf/esp-2022r1-11.2.0/xtensa-esp32s3-elf/lib/gcc/xtensa-esp32s3-elf/11.2.0/crti.o]
  collapse obj [/Users/luyetong/.espressif/tools/xtensa-esp32s3-elf/esp-2022r1-11.2.0/xtensa-esp32s3-elf/bin/../lib/gcc/xtensa-esp32s3-elf/11.2.0/crtbegin.o] ==> [/Users/luyetong/.espressif/tools/xtensa-esp32s3-elf/esp-2022r1-11.2.0/xtensa-esp32s3-elf/lib/gcc/xtensa-esp32s3-elf/11.2.0/crtbegin.o]
  collapse obj [/Users/luyetong/.espressif/tools/xtensa-esp32s3-elf/esp-2022r1-11.2.0/xtensa-esp32s3-elf/bin/../lib/gcc/xtensa-esp32s3-elf/11.2.0/crtend.o] ==> [/Users/luyetong/.espressif/tools/xtensa-esp32s3-elf/esp-2022r1-11.2.0/xtensa-esp32s3-elf/lib/gcc/xtensa-esp32s3-elf/11.2.0/crtend.o]
  collapse obj [/Users/luyetong/.espressif/tools/xtensa-esp32s3-elf/esp-2022r1-11.2.0/xtensa-esp32s3-elf/bin/../lib/gcc/xtensa-esp32s3-elf/11.2.0/crtn.o] ==> [/Users/luyetong/.espressif/tools/xtensa-esp32s3-elf/esp-2022r1-11.2.0/xtensa-esp32s3-elf/lib/gcc/xtensa-esp32s3-elf/11.2.0/crtn.o]
  collapse library dir [/Users/luyetong/.espressif/tools/xtensa-esp32s3-elf/esp-2022r1-11.2.0/xtensa-esp32s3-elf/bin/../lib/gcc/xtensa-esp32s3-elf/11.2.0] ==> [/Users/luyetong/.espressif/tools/xtensa-esp32s3-elf/esp-2022r1-11.2.0/xtensa-esp32s3-elf/lib/gcc/xtensa-esp32s3-elf/11.2.0]
  collapse library dir [/Users/luyetong/.espressif/tools/xtensa-esp32s3-elf/esp-2022r1-11.2.0/xtensa-esp32s3-elf/bin/../lib/gcc] ==> [/Users/luyetong/.espressif/tools/xtensa-esp32s3-elf/esp-2022r1-11.2.0/xtensa-esp32s3-elf/lib/gcc]
  collapse library dir [/Users/luyetong/.espressif/tools/xtensa-esp32s3-elf/esp-2022r1-11.2.0/xtensa-esp32s3-elf/bin/../lib/gcc/xtensa-esp32s3-elf/11.2.0/../../../../xtensa-esp32s3-elf/lib] ==> [/Users/luyetong/.espressif/tools/xtensa-esp32s3-elf/esp-2022r1-11.2.0/xtensa-esp32s3-elf/xtensa-esp32s3-elf/lib]
  implicit libs: [gcc;c;nosys;c;gcc]
  implicit objs: [/Users/luyetong/.espressif/tools/xtensa-esp32s3-elf/esp-2022r1-11.2.0/xtensa-esp32s3-elf/xtensa-esp32s3-elf/lib/crt0.o;/Users/luyetong/.espressif/tools/xtensa-esp32s3-elf/esp-2022r1-11.2.0/xtensa-esp32s3-elf/lib/gcc/xtensa-esp32s3-elf/11.2.0/crti.o;/Users/luyetong/.espressif/tools/xtensa-esp32s3-elf/esp-2022r1-11.2.0/xtensa-esp32s3-elf/lib/gcc/xtensa-esp32s3-elf/11.2.0/crtbegin.o;/Users/luyetong/.espressif/tools/xtensa-esp32s3-elf/esp-2022r1-11.2.0/xtensa-esp32s3-elf/lib/gcc/xtensa-esp32s3-elf/11.2.0/crtend.o;/Users/luyetong/.espressif/tools/xtensa-esp32s3-elf/esp-2022r1-11.2.0/xtensa-esp32s3-elf/lib/gcc/xtensa-esp32s3-elf/11.2.0/crtn.o]
  implicit dirs: [/Users/luyetong/.espressif/tools/xtensa-esp32s3-elf/esp-2022r1-11.2.0/xtensa-esp32s3-elf/lib/gcc/xtensa-esp32s3-elf/11.2.0;/Users/luyetong/.espressif/tools/xtensa-esp32s3-elf/esp-2022r1-11.2.0/xtensa-esp32s3-elf/lib/gcc;/Users/luyetong/.espressif/tools/xtensa-esp32s3-elf/esp-2022r1-11.2.0/xtensa-esp32s3-elf/xtensa-esp32s3-elf/lib]
  implicit fwks: []


Detecting CXX compiler ABI info compiled with the following output:
Change Dir: /Users/luyetong/ESP32Code/vehicle_monitor_for_esp32s3/build/CMakeFiles/CMakeTmp

Run Build Command(s):/Users/luyetong/.espressif/tools/ninja/1.10.2/ninja cmTC_af78c && [1/2] Building CXX object CMakeFiles/cmTC_af78c.dir/CMakeCXXCompilerABI.cpp.obj
Using built-in specs.
COLLECT_GCC=/Users/luyetong/.espressif/tools/xtensa-esp32s3-elf/esp-2022r1-11.2.0/xtensa-esp32s3-elf/bin/xtensa-esp32s3-elf-g++
Target: xtensa-esp32s3-elf
Configured with: /builds/idf/crosstool-NG/.build/HOST-x86_64-apple-darwin12/xtensa-esp32s3-elf/src/gcc/configure --build=x86_64-build_pc-linux-gnu --host=x86_64-host_apple-darwin12 --target=xtensa-esp32s3-elf --prefix=/builds/idf/crosstool-NG/builds/xtensa-esp32s3-elf --exec_prefix=/builds/idf/crosstool-NG/builds/xtensa-esp32s3-elf --with-local-prefix=/builds/idf/crosstool-NG/builds/xtensa-esp32s3-elf/xtensa-esp32s3-elf --with-headers=/builds/idf/crosstool-NG/builds/xtensa-esp32s3-elf/xtensa-esp32s3-elf/include --with-newlib --enable-threads=no --disable-shared --with-pkgversion='crosstool-NG esp-2022r1' --disable-__cxa_atexit --enable-cxx-flags=-ffunction-sections --disable-libgomp --disable-libmudflap --disable-libmpx --disable-libssp --disable-libquadmath --disable-libquadmath-support --disable-libstdcxx-verbose --with-gmp=/builds/idf/crosstool-NG/.build/HOST-x86_64-apple-darwin12/xtensa-esp32s3-elf/buildtools/complibs-host --with-mpfr=/builds/idf/crosstool-NG/.build/HOST-x86_64-apple-darwin12/xtensa-esp32s3-elf/buildtools/complibs-host --with-mpc=/builds/idf/crosstool-NG/.build/HOST-x86_64-apple-darwin12/xtensa-esp32s3-elf/buildtools/complibs-host --with-isl=/builds/idf/crosstool-NG/.build/HOST-x86_64-apple-darwin12/xtensa-esp32s3-elf/buildtools/complibs-host --enable-lto --enable-target-optspace --without-long-double-128 --disable-nls --enable-multiarch --enable-languages=c,c++ --disable-libstdcxx-verbose --enable-threads=posix --enable-gcov-custom-rtio --enable-libstdcxx-time=yes
Thread model: posix
Supported LTO compression algorithms: zlib
gcc version 11.2.0 (crosstool-NG esp-2022r1) 
COLLECT_GCC_OPTIONS='-mlongcalls' '-v' '-o' 'CMakeFiles/cmTC_af78c.dir/CMakeCXXCompilerABI.cpp.obj' '-c' '-dumpdir' 'CMakeFiles/cmTC_af78c.dir/'
 /Users/luyetong/.espressif/tools/xtensa-esp32s3-elf/esp-2022r1-11.2.0/xtensa-esp32s3-elf/bin/../libexec/gcc/xtensa-esp32s3-elf/11.2.0/cc1plus -quiet -v -iprefix /Users/luyetong/.espressif/tools/xtensa-esp32s3-elf/esp-2022r1-11.2.0/xtensa-esp32s3-elf/bin/../lib/gcc/xtensa-esp32s3-elf/11.2.0/ /Users/luyetong/.espressif/tools/cmake/3.24.0/CMake.app/Contents/share/cmake-3.24/Modules/CMakeCXXCompilerABI.cpp -quiet -dumpdir CMakeFiles/cmTC_af78c.dir/ -dumpbase CMakeCXXCompilerABI.cpp.cpp -dumpbase-ext .cpp -mlongcalls -version -o /var/folders/d3/nbs01q4n45xbt2fmwqlgyzwm0000gn/T//ccZuvzj8.s
GNU C++17 (crosstool-NG esp-2022r1) version 11.2.0 (xtensa-esp32s3-elf)
	compiled by GNU C version 8.3.0, GMP version 6.2.1, MPFR version 4.1.0, MPC version 1.2.1, isl version isl-0.24-GMP

GGC heuristics: --param ggc-min-expand=100 --param ggc-min-heapsize=131072
ignoring duplicate directory "/Users/luyetong/.espressif/tools/xtensa-esp32s3-elf/esp-2022r1-11.2.0/xtensa-esp32s3-elf/bin/../lib/gcc/../../lib/gcc/xtensa-esp32s3-elf/11.2.0/../../../../xtensa-esp32s3-elf/include/c++/11.2.0"
ignoring duplicate directory "/Users/luyetong/.espressif/tools/xtensa-esp32s3-elf/esp-2022r1-11.2.0/xtensa-esp32s3-elf/bin/../lib/gcc/../../lib/gcc/xtensa-esp32s3-elf/11.2.0/../../../../xtensa-esp32s3-elf/include/c++/11.2.0/xtensa-esp32s3-elf"
ignoring duplicate directory "/Users/luyetong/.espressif/tools/xtensa-esp32s3-elf/esp-2022r1-11.2.0/xtensa-esp32s3-elf/bin/../lib/gcc/../../lib/gcc/xtensa-esp32s3-elf/11.2.0/../../../../xtensa-esp32s3-elf/include/c++/11.2.0/backward"
ignoring duplicate directory "/Users/luyetong/.espressif/tools/xtensa-esp32s3-elf/esp-2022r1-11.2.0/xtensa-esp32s3-elf/bin/../lib/gcc/../../lib/gcc/xtensa-esp32s3-elf/11.2.0/include"
ignoring duplicate directory "/Users/luyetong/.espressif/tools/xtensa-esp32s3-elf/esp-2022r1-11.2.0/xtensa-esp32s3-elf/bin/../lib/gcc/../../lib/gcc/xtensa-esp32s3-elf/11.2.0/include-fixed"
ignoring duplicate directory "/Users/luyetong/.espressif/tools/xtensa-esp32s3-elf/esp-2022r1-11.2.0/xtensa-esp32s3-elf/bin/../lib/gcc/../../lib/gcc/xtensa-esp32s3-elf/11.2.0/../../../../xtensa-esp32s3-elf/sys-include"
ignoring duplicate directory "/Users/luyetong/.espressif/tools/xtensa-esp32s3-elf/esp-2022r1-11.2.0/xtensa-esp32s3-elf/bin/../lib/gcc/../../lib/gcc/xtensa-esp32s3-elf/11.2.0/../../../../xtensa-esp32s3-elf/include"
#include "..." search starts here:
#include <...> search starts here:
 /Users/luyetong/.espressif/tools/xtensa-esp32s3-elf/esp-2022r1-11.2.0/xtensa-esp32s3-elf/bin/../lib/gcc/xtensa-esp32s3-elf/11.2.0/../../../../xtensa-esp32s3-elf/include/c++/11.2.0
 /Users/luyetong/.espressif/tools/xtensa-esp32s3-elf/esp-2022r1-11.2.0/xtensa-esp32s3-elf/bin/../lib/gcc/xtensa-esp32s3-elf/11.2.0/../../../../xtensa-esp32s3-elf/include/c++/11.2.0/xtensa-esp32s3-elf
 /Users/luyetong/.espressif/tools/xtensa-esp32s3-elf/esp-2022r1-11.2.0/xtensa-esp32s3-elf/bin/../lib/gcc/xtensa-esp32s3-elf/11.2.0/../../../../xtensa-esp32s3-elf/include/c++/11.2.0/backward
 /Users/luyetong/.espressif/tools/xtensa-esp32s3-elf/esp-2022r1-11.2.0/xtensa-esp32s3-elf/bin/../lib/gcc/xtensa-esp32s3-elf/11.2.0/include
 /Users/luyetong/.espressif/tools/xtensa-esp32s3-elf/esp-2022r1-11.2.0/xtensa-esp32s3-elf/bin/../lib/gcc/xtensa-esp32s3-elf/11.2.0/include-fixed
 /Users/luyetong/.espressif/tools/xtensa-esp32s3-elf/esp-2022r1-11.2.0/xtensa-esp32s3-elf/bin/../lib/gcc/xtensa-esp32s3-elf/11.2.0/../../../../xtensa-esp32s3-elf/sys-include
 /Users/luyetong/.espressif/tools/xtensa-esp32s3-elf/esp-2022r1-11.2.0/xtensa-esp32s3-elf/bin/../lib/gcc/xtensa-esp32s3-elf/11.2.0/../../../../xtensa-esp32s3-elf/include
End of search list.
GNU C++17 (crosstool-NG esp-2022r1) version 11.2.0 (xtensa-esp32s3-elf)
	compiled by GNU C version 8.3.0, GMP version 6.2.1, MPFR version 4.1.0, MPC version 1.2.1, isl version isl-0.24-GMP

GGC heuristics: --param ggc-min-expand=100 --param ggc-min-heapsize=131072
Compiler executable checksum: 5eb04f52d75f4104c738f486b398e693
COLLECT_GCC_OPTIONS='-mlongcalls' '-v' '-o' 'CMakeFiles/cmTC_af78c.dir/CMakeCXXCompilerABI.cpp.obj' '-c' '-dumpdir' 'CMakeFiles/cmTC_af78c.dir/'
 /Users/luyetong/.espressif/tools/xtensa-esp32s3-elf/esp-2022r1-11.2.0/xtensa-esp32s3-elf/bin/../lib/gcc/xtensa-esp32s3-elf/11.2.0/../../../../xtensa-esp32s3-elf/bin/as --traditional-format --longcalls -o CMakeFiles/cmTC_af78c.dir/CMakeCXXCompilerABI.cpp.obj /var/folders/d3/nbs01q4n45xbt2fmwqlgyzwm0000gn/T//ccZuvzj8.s
COMPILER_PATH=/Users/luyetong/.espressif/tools/xtensa-esp32s3-elf/esp-2022r1-11.2.0/xtensa-esp32s3-elf/bin/../libexec/gcc/xtensa-esp32s3-elf/11.2.0/:/Users/luyetong/.espressif/tools/xtensa-esp32s3-elf/esp-2022r1-11.2.0/xtensa-esp32s3-elf/bin/../libexec/gcc/:/Users/luyetong/.espressif/tools/xtensa-esp32s3-elf/esp-2022r1-11.2.0/xtensa-esp32s3-elf/bin/../lib/gcc/xtensa-esp32s3-elf/11.2.0/../../../../xtensa-esp32s3-elf/bin/
LIBRARY_PATH=/Users/luyetong/.espressif/tools/xtensa-esp32s3-elf/esp-2022r1-11.2.0/xtensa-esp32s3-elf/bin/../lib/gcc/xtensa-esp32s3-elf/11.2.0/:/Users/luyetong/.espressif/tools/xtensa-esp32s3-elf/esp-2022r1-11.2.0/xtensa-esp32s3-elf/bin/../lib/gcc/:/Users/luyetong/.espressif/tools/xtensa-esp32s3-elf/esp-2022r1-11.2.0/xtensa-esp32s3-elf/bin/../lib/gcc/xtensa-esp32s3-elf/11.2.0/../../../../xtensa-esp32s3-elf/lib/
COLLECT_GCC_OPTIONS='-mlongcalls' '-v' '-o' 'CMakeFiles/cmTC_af78c.dir/CMakeCXXCompilerABI.cpp.obj' '-c' '-dumpdir' 'CMakeFiles/cmTC_af78c.dir/CMakeCXXCompilerABI.cpp.'
[2/2] Linking CXX executable cmTC_af78c
Using built-in specs.
COLLECT_GCC=/Users/luyetong/.espressif/tools/xtensa-esp32s3-elf/esp-2022r1-11.2.0/xtensa-esp32s3-elf/bin/xtensa-esp32s3-elf-g++
COLLECT_LTO_WRAPPER=/Users/luyetong/.espressif/tools/xtensa-esp32s3-elf/esp-2022r1-11.2.0/xtensa-esp32s3-elf/bin/../libexec/gcc/xtensa-esp32s3-elf/11.2.0/lto-wrapper
Target: xtensa-esp32s3-elf
Configured with: /builds/idf/crosstool-NG/.build/HOST-x86_64-apple-darwin12/xtensa-esp32s3-elf/src/gcc/configure --build=x86_64-build_pc-linux-gnu --host=x86_64-host_apple-darwin12 --target=xtensa-esp32s3-elf --prefix=/builds/idf/crosstool-NG/builds/xtensa-esp32s3-elf --exec_prefix=/builds/idf/crosstool-NG/builds/xtensa-esp32s3-elf --with-local-prefix=/builds/idf/crosstool-NG/builds/xtensa-esp32s3-elf/xtensa-esp32s3-elf --with-headers=/builds/idf/crosstool-NG/builds/xtensa-esp32s3-elf/xtensa-esp32s3-elf/include --with-newlib --enable-threads=no --disable-shared --with-pkgversion='crosstool-NG esp-2022r1' --disable-__cxa_atexit --enable-cxx-flags=-ffunction-sections --disable-libgomp --disable-libmudflap --disable-libmpx --disable-libssp --disable-libquadmath --disable-libquadmath-support --disable-libstdcxx-verbose --with-gmp=/builds/idf/crosstool-NG/.build/HOST-x86_64-apple-darwin12/xtensa-esp32s3-elf/buildtools/complibs-host --with-mpfr=/builds/idf/crosstool-NG/.build/HOST-x86_64-apple-darwin12/xtensa-esp32s3-elf/buildtools/complibs-host --with-mpc=/builds/idf/crosstool-NG/.build/HOST-x86_64-apple-darwin12/xtensa-esp32s3-elf/buildtools/complibs-host --with-isl=/builds/idf/crosstool-NG/.build/HOST-x86_64-apple-darwin12/xtensa-esp32s3-elf/buildtools/complibs-host --enable-lto --enable-target-optspace --without-long-double-128 --disable-nls --enable-multiarch --enable-languages=c,c++ --disable-libstdcxx-verbose --enable-threads=posix --enable-gcov-custom-rtio --enable-libstdcxx-time=yes
Thread model: posix
Supported LTO compression algorithms: zlib
gcc version 11.2.0 (crosstool-NG esp-2022r1) 
COMPILER_PATH=/Users/luyetong/.espressif/tools/xtensa-esp32s3-elf/esp-2022r1-11.2.0/xtensa-esp32s3-elf/bin/../libexec/gcc/xtensa-esp32s3-elf/11.2.0/:/Users/luyetong/.espressif/tools/xtensa-esp32s3-elf/esp-2022r1-11.2.0/xtensa-esp32s3-elf/bin/../libexec/gcc/:/Users/luyetong/.espressif/tools/xtensa-esp32s3-elf/esp-2022r1-11.2.0/xtensa-esp32s3-elf/bin/../lib/gcc/xtensa-esp32s3-elf/11.2.0/../../../../xtensa-esp32s3-elf/bin/
LIBRARY_PATH=/Users/luyetong/.espressif/tools/xtensa-esp32s3-elf/esp-2022r1-11.2.0/xtensa-esp32s3-elf/bin/../lib/gcc/xtensa-esp32s3-elf/11.2.0/:/Users/luyetong/.espressif/tools/xtensa-esp32s3-elf/esp-2022r1-11.2.0/xtensa-esp32s3-elf/bin/../lib/gcc/:/Users/luyetong/.espressif/tools/xtensa-esp32s3-elf/esp-2022r1-11.2.0/xtensa-esp32s3-elf/bin/../lib/gcc/xtensa-esp32s3-elf/11.2.0/../../../../xtensa-esp32s3-elf/lib/
COLLECT_GCC_OPTIONS='-mlongcalls' '-v' '-o' 'cmTC_af78c' '-dumpdir' 'cmTC_af78c.'
 /Users/luyetong/.espressif/tools/xtensa-esp32s3-elf/esp-2022r1-11.2.0/xtensa-esp32s3-elf/bin/../libexec/gcc/xtensa-esp32s3-elf/11.2.0/collect2 -plugin /Users/luyetong/.espressif/tools/xtensa-esp32s3-elf/esp-2022r1-11.2.0/xtensa-esp32s3-elf/bin/../libexec/gcc/xtensa-esp32s3-elf/11.2.0/liblto_plugin.so -plugin-opt=/Users/luyetong/.espressif/tools/xtensa-esp32s3-elf/esp-2022r1-11.2.0/xtensa-esp32s3-elf/bin/../libexec/gcc/xtensa-esp32s3-elf/11.2.0/lto-wrapper -plugin-opt=-fresolution=/var/folders/d3/nbs01q4n45xbt2fmwqlgyzwm0000gn/T//cckAndQr.res -plugin-opt=-pass-through=-lgcc -plugin-opt=-pass-through=-lc -plugin-opt=-pass-through=-lnosys -plugin-opt=-pass-through=-lc -plugin-opt=-pass-through=-lgcc -o cmTC_af78c /Users/luyetong/.espressif/tools/xtensa-esp32s3-elf/esp-2022r1-11.2.0/xtensa-esp32s3-elf/bin/../lib/gcc/xtensa-esp32s3-elf/11.2.0/../../../../xtensa-esp32s3-elf/lib/crt0.o /Users/luyetong/.espressif/tools/xtensa-esp32s3-elf/esp-2022r1-11.2.0/xtensa-esp32s3-elf/bin/../lib/gcc/xtensa-esp32s3-elf/11.2.0/crti.o /Users/luyetong/.espressif/tools/xtensa-esp32s3-elf/esp-2022r1-11.2.0/xtensa-esp32s3-elf/bin/../lib/gcc/xtensa-esp32s3-elf/11.2.0/crtbegin.o -L/Users/luyetong/.espressif/tools/xtensa-esp32s3-elf/esp-2022r1-11.2.0/xtensa-esp32s3-elf/bin/../lib/gcc/xtensa-esp32s3-elf/11.2.0 -L/Users/luyetong/.espressif/tools/xtensa-esp32s3-elf/esp-2022r1-11.2.0/xtensa-esp32s3-elf/bin/../lib/gcc -L/Users/luyetong/.espressif/tools/xtensa-esp32s3-elf/esp-2022r1-11.2.0/xtensa-esp32s3-elf/bin/../lib/gcc/xtensa-esp32s3-elf/11.2.0/../../../../xtensa-esp32s3-elf/lib CMakeFiles/cmTC_af78c.dir/CMakeCXXCompilerABI.cpp.obj -lstdc++ -lm -lgcc -lc -lnosys -lc -lgcc /Users/luyetong/.espressif/tools/xtensa-esp32s3-elf/esp-2022r1-11.2.0/xtensa-esp32s3-elf/bin/../lib/gcc/xtensa-esp32s3-elf/11.2.0/crtend.o /Users/luyetong/.espressif/tools/xtensa-esp32s3-elf/esp-2022r1-11.2.0/xtensa-esp32s3-elf/bin/../lib/gcc/xtensa-esp32s3-elf/11.2.0/crtn.o
COLLECT_GCC_OPTIONS='-mlongcalls' '-v' '-o' 'cmTC_af78c' '-dumpdir' 'cmTC_af78c.'



Parsed CXX implicit include dir info from above output: rv=done
  found start of include info
  found start of implicit include info
    add: [/Users/luyetong/.espressif/tools/xtensa-esp32s3-elf/esp-2022r1-11.2.0/xtensa-esp32s3-elf/bin/../lib/gcc/xtensa-esp32s3-elf/11.2.0/../../../../xtensa-esp32s3-elf/include/c++/11.2.0]
    add: [/Users/luyetong/.espressif/tools/xtensa-esp32s3-elf/esp-2022r1-11.2.0/xtensa-esp32s3-elf/bin/../lib/gcc/xtensa-esp32s3-elf/11.2.0/../../../../xtensa-esp32s3-elf/include/c++/11.2.0/xtensa-esp32s3-elf]
    add: [/Users/luyetong/.espressif/tools/xtensa-esp32s3-elf/esp-2022r1-11.2.0/xtensa-esp32s3-elf/bin/../lib/gcc/xtensa-esp32s3-elf/11.2.0/../../../../xtensa-esp32s3-elf/include/c++/11.2.0/backward]
    add: [/Users/luyetong/.espressif/tools/xtensa-esp32s3-elf/esp-2022r1-11.2.0/xtensa-esp32s3-elf/bin/../lib/gcc/xtensa-esp32s3-elf/11.2.0/include]
    add: [/Users/luyetong/.espressif/tools/xtensa-esp32s3-elf/esp-2022r1-11.2.0/xtensa-esp32s3-elf/bin/../lib/gcc/xtensa-esp32s3-elf/11.2.0/include-fixed]
    add: [/Users/luyetong/.espressif/tools/xtensa-esp32s3-elf/esp-2022r1-11.2.0/xtensa-esp32s3-elf/bin/../lib/gcc/xtensa-esp32s3-elf/11.2.0/../../../../xtensa-esp32s3-elf/sys-include]
    add: [/Users/luyetong/.espressif/tools/xtensa-esp32s3-elf/esp-2022r1-11.2.0/xtensa-esp32s3-elf/bin/../lib/gcc/xtensa-esp32s3-elf/11.2.0/../../../../xtensa-esp32s3-elf/include]
  end of search list found
  collapse include dir [/Users/luyetong/.espressif/tools/xtensa-esp32s3-elf/esp-2022r1-11.2.0/xtensa-esp32s3-elf/bin/../lib/gcc/xtensa-esp32s3-elf/11.2.0/../../../../xtensa-esp32s3-elf/include/c++/11.2.0] ==> [/Users/luyetong/.espressif/tools/xtensa-esp32s3-elf/esp-2022r1-11.2.0/xtensa-esp32s3-elf/xtensa-esp32s3-elf/include/c++/11.2.0]
  collapse include dir [/Users/luyetong/.espressif/tools/xtensa-esp32s3-elf/esp-2022r1-11.2.0/xtensa-esp32s3-elf/bin/../lib/gcc/xtensa-esp32s3-elf/11.2.0/../../../../xtensa-esp32s3-elf/include/c++/11.2.0/xtensa-esp32s3-elf] ==> [/Users/luyetong/.espressif/tools/xtensa-esp32s3-elf/esp-2022r1-11.2.0/xtensa-esp32s3-elf/xtensa-esp32s3-elf/include/c++/11.2.0/xtensa-esp32s3-elf]
  collapse include dir [/Users/luyetong/.espressif/tools/xtensa-esp32s3-elf/esp-2022r1-11.2.0/xtensa-esp32s3-elf/bin/../lib/gcc/xtensa-esp32s3-elf/11.2.0/../../../../xtensa-esp32s3-elf/include/c++/11.2.0/backward] ==> [/Users/luyetong/.espressif/tools/xtensa-esp32s3-elf/esp-2022r1-11.2.0/xtensa-esp32s3-elf/xtensa-esp32s3-elf/include/c++/11.2.0/backward]
  collapse include dir [/Users/luyetong/.espressif/tools/xtensa-esp32s3-elf/esp-2022r1-11.2.0/xtensa-esp32s3-elf/bin/../lib/gcc/xtensa-esp32s3-elf/11.2.0/include] ==> [/Users/luyetong/.espressif/tools/xtensa-esp32s3-elf/esp-2022r1-11.2.0/xtensa-esp32s3-elf/lib/gcc/xtensa-esp32s3-elf/11.2.0/include]
  collapse include dir [/Users/luyetong/.espressif/tools/xtensa-esp32s3-elf/esp-2022r1-11.2.0/xtensa-esp32s3-elf/bin/../lib/gcc/xtensa-esp32s3-elf/11.2.0/include-fixed] ==> [/Users/luyetong/.espressif/tools/xtensa-esp32s3-elf/esp-2022r1-11.2.0/xtensa-esp32s3-elf/lib/gcc/xtensa-esp32s3-elf/11.2.0/include-fixed]
  collapse include dir [/Users/luyetong/.espressif/tools/xtensa-esp32s3-elf/esp-2022r1-11.2.0/xtensa-esp32s3-elf/bin/../lib/gcc/xtensa-esp32s3-elf/11.2.0/../../../../xtensa-esp32s3-elf/sys-include] ==> [/Users/luyetong/.espressif/tools/xtensa-esp32s3-elf/esp-2022r1-11.2.0/xtensa-esp32s3-elf/xtensa-esp32s3-elf/sys-include]
  collapse include dir [/Users/luyetong/.espressif/tools/xtensa-esp32s3-elf/esp-2022r1-11.2.0/xtensa-esp32s3-elf/bin/../lib/gcc/xtensa-esp32s3-elf/11.2.0/../../../../xtensa-esp32s3-elf/include] ==> [/Users/luyetong/.espressif/tools/xtensa-esp32s3-elf/esp-2022r1-11.2.0/xtensa-esp32s3-elf/xtensa-esp32s3-elf/include]
  implicit include dirs: [/Users/luyetong/.espressif/tools/xtensa-esp32s3-elf/esp-2022r1-11.2.0/xtensa-esp32s3-elf/xtensa-esp32s3-elf/include/c++/11.2.0;/Users/luyetong/.espressif/tools/xtensa-esp32s3-elf/esp-2022r1-11.2.0/xtensa-esp32s3-elf/xtensa-esp32s3-elf/include/c++/11.2.0/xtensa-esp32s3-elf;/Users/luyetong/.espressif/tools/xtensa-esp32s3-elf/esp-2022r1-11.2.0/xtensa-esp32s3-elf/xtensa-esp32s3-elf/include/c++/11.2.0/backward;/Users/luyetong/.espressif/tools/xtensa-esp32s3-elf/esp-2022r1-11.2.0/xtensa-esp32s3-elf/lib/gcc/xtensa-esp32s3-elf/11.2.0/include;/Users/luyetong/.espressif/tools/xtensa-esp32s3-elf/esp-2022r1-11.2.0/xtensa-esp32s3-elf/lib/gcc/xtensa-esp32s3-elf/11.2.0/include-fixed;/Users/luyetong/.espressif/tools/xtensa-esp32s3-elf/esp-2022r1-11.2.0/xtensa-esp32s3-elf/xtensa-esp32s3-elf/sys-include;/Users/luyetong/.espressif/tools/xtensa-esp32s3-elf/esp-2022r1-11.2.0/xtensa-esp32s3-elf/xtensa-esp32s3-elf/include]


Parsed CXX implicit link information from above output:
  link line regex: [^( *|.*[/\])(xtensa-esp32s3-elf-ld|CMAKE_LINK_STARTFILE-NOTFOUND|([^/\]+-)?ld|collect2)[^/\]*( |$)]
  ignore line: [Change Dir: /Users/luyetong/ESP32Code/vehicle_monitor_for_esp32s3/build/CMakeFiles/CMakeTmp]
  ignore line: []
  ignore line: [Run Build Command(s):/Users/luyetong/.espressif/tools/ninja/1.10.2/ninja cmTC_af78c && [1/2] Building CXX object CMakeFiles/cmTC_af78c.dir/CMakeCXXCompilerABI.cpp.obj]
  ignore line: [Using built-in specs.]
  ignore line: [COLLECT_GCC=/Users/luyetong/.espressif/tools/xtensa-esp32s3-elf/esp-2022r1-11.2.0/xtensa-esp32s3-elf/bin/xtensa-esp32s3-elf-g++]
  ignore line: [Target: xtensa-esp32s3-elf]
  ignore line: [Configured with: /builds/idf/crosstool-NG/.build/HOST-x86_64-apple-darwin12/xtensa-esp32s3-elf/src/gcc/configure --build=x86_64-build_pc-linux-gnu --host=x86_64-host_apple-darwin12 --target=xtensa-esp32s3-elf --prefix=/builds/idf/crosstool-NG/builds/xtensa-esp32s3-elf --exec_prefix=/builds/idf/crosstool-NG/builds/xtensa-esp32s3-elf --with-local-prefix=/builds/idf/crosstool-NG/builds/xtensa-esp32s3-elf/xtensa-esp32s3-elf --with-headers=/builds/idf/crosstool-NG/builds/xtensa-esp32s3-elf/xtensa-esp32s3-elf/include --with-newlib --enable-threads=no --disable-shared --with-pkgversion='crosstool-NG esp-2022r1' --disable-__cxa_atexit --enable-cxx-flags=-ffunction-sections --disable-libgomp --disable-libmudflap --disable-libmpx --disable-libssp --disable-libquadmath --disable-libquadmath-support --disable-libstdcxx-verbose --with-gmp=/builds/idf/crosstool-NG/.build/HOST-x86_64-apple-darwin12/xtensa-esp32s3-elf/buildtools/complibs-host --with-mpfr=/builds/idf/crosstool-NG/.build/HOST-x86_64-apple-darwin12/xtensa-esp32s3-elf/buildtools/complibs-host --with-mpc=/builds/idf/crosstool-NG/.build/HOST-x86_64-apple-darwin12/xtensa-esp32s3-elf/buildtools/complibs-host --with-isl=/builds/idf/crosstool-NG/.build/HOST-x86_64-apple-darwin12/xtensa-esp32s3-elf/buildtools/complibs-host --enable-lto --enable-target-optspace --without-long-double-128 --disable-nls --enable-multiarch --enable-languages=c c++ --disable-libstdcxx-verbose --enable-threads=posix --enable-gcov-custom-rtio --enable-libstdcxx-time=yes]
  ignore line: [Thread model: posix]
  ignore line: [Supported LTO compression algorithms: zlib]
  ignore line: [gcc version 11.2.0 (crosstool-NG esp-2022r1) ]
  ignore line: [COLLECT_GCC_OPTIONS='-mlongcalls' '-v' '-o' 'CMakeFiles/cmTC_af78c.dir/CMakeCXXCompilerABI.cpp.obj' '-c' '-dumpdir' 'CMakeFiles/cmTC_af78c.dir/']
  ignore line: [ /Users/luyetong/.espressif/tools/xtensa-esp32s3-elf/esp-2022r1-11.2.0/xtensa-esp32s3-elf/bin/../libexec/gcc/xtensa-esp32s3-elf/11.2.0/cc1plus -quiet -v -iprefix /Users/luyetong/.espressif/tools/xtensa-esp32s3-elf/esp-2022r1-11.2.0/xtensa-esp32s3-elf/bin/../lib/gcc/xtensa-esp32s3-elf/11.2.0/ /Users/luyetong/.espressif/tools/cmake/3.24.0/CMake.app/Contents/share/cmake-3.24/Modules/CMakeCXXCompilerABI.cpp -quiet -dumpdir CMakeFiles/cmTC_af78c.dir/ -dumpbase CMakeCXXCompilerABI.cpp.cpp -dumpbase-ext .cpp -mlongcalls -version -o /var/folders/d3/nbs01q4n45xbt2fmwqlgyzwm0000gn/T//ccZuvzj8.s]
  ignore line: [GNU C++17 (crosstool-NG esp-2022r1) version 11.2.0 (xtensa-esp32s3-elf)]
  ignore line: [	compiled by GNU C version 8.3.0  GMP version 6.2.1  MPFR version 4.1.0  MPC version 1.2.1  isl version isl-0.24-GMP]
  ignore line: []
  ignore line: [GGC heuristics: --param ggc-min-expand=100 --param ggc-min-heapsize=131072]
  ignore line: [ignoring duplicate directory "/Users/luyetong/.espressif/tools/xtensa-esp32s3-elf/esp-2022r1-11.2.0/xtensa-esp32s3-elf/bin/../lib/gcc/../../lib/gcc/xtensa-esp32s3-elf/11.2.0/../../../../xtensa-esp32s3-elf/include/c++/11.2.0"]
  ignore line: [ignoring duplicate directory "/Users/luyetong/.espressif/tools/xtensa-esp32s3-elf/esp-2022r1-11.2.0/xtensa-esp32s3-elf/bin/../lib/gcc/../../lib/gcc/xtensa-esp32s3-elf/11.2.0/../../../../xtensa-esp32s3-elf/include/c++/11.2.0/xtensa-esp32s3-elf"]
  ignore line: [ignoring duplicate directory "/Users/luyetong/.espressif/tools/xtensa-esp32s3-elf/esp-2022r1-11.2.0/xtensa-esp32s3-elf/bin/../lib/gcc/../../lib/gcc/xtensa-esp32s3-elf/11.2.0/../../../../xtensa-esp32s3-elf/include/c++/11.2.0/backward"]
  ignore line: [ignoring duplicate directory "/Users/luyetong/.espressif/tools/xtensa-esp32s3-elf/esp-2022r1-11.2.0/xtensa-esp32s3-elf/bin/../lib/gcc/../../lib/gcc/xtensa-esp32s3-elf/11.2.0/include"]
  ignore line: [ignoring duplicate directory "/Users/luyetong/.espressif/tools/xtensa-esp32s3-elf/esp-2022r1-11.2.0/xtensa-esp32s3-elf/bin/../lib/gcc/../../lib/gcc/xtensa-esp32s3-elf/11.2.0/include-fixed"]
  ignore line: [ignoring duplicate directory "/Users/luyetong/.espressif/tools/xtensa-esp32s3-elf/esp-2022r1-11.2.0/xtensa-esp32s3-elf/bin/../lib/gcc/../../lib/gcc/xtensa-esp32s3-elf/11.2.0/../../../../xtensa-esp32s3-elf/sys-include"]
  ignore line: [ignoring duplicate directory "/Users/luyetong/.espressif/tools/xtensa-esp32s3-elf/esp-2022r1-11.2.0/xtensa-esp32s3-elf/bin/../lib/gcc/../../lib/gcc/xtensa-esp32s3-elf/11.2.0/../../../../xtensa-esp32s3-elf/include"]
  ignore line: [#include "..." search starts here:]
  ignore line: [#include <...> search starts here:]
  ignore line: [ /Users/luyetong/.espressif/tools/xtensa-esp32s3-elf/esp-2022r1-11.2.0/xtensa-esp32s3-elf/bin/../lib/gcc/xtensa-esp32s3-elf/11.2.0/../../../../xtensa-esp32s3-elf/include/c++/11.2.0]
  ignore line: [ /Users/luyetong/.espressif/tools/xtensa-esp32s3-elf/esp-2022r1-11.2.0/xtensa-esp32s3-elf/bin/../lib/gcc/xtensa-esp32s3-elf/11.2.0/../../../../xtensa-esp32s3-elf/include/c++/11.2.0/xtensa-esp32s3-elf]
  ignore line: [ /Users/luyetong/.espressif/tools/xtensa-esp32s3-elf/esp-2022r1-11.2.0/xtensa-esp32s3-elf/bin/../lib/gcc/xtensa-esp32s3-elf/11.2.0/../../../../xtensa-esp32s3-elf/include/c++/11.2.0/backward]
  ignore line: [ /Users/luyetong/.espressif/tools/xtensa-esp32s3-elf/esp-2022r1-11.2.0/xtensa-esp32s3-elf/bin/../lib/gcc/xtensa-esp32s3-elf/11.2.0/include]
  ignore line: [ /Users/luyetong/.espressif/tools/xtensa-esp32s3-elf/esp-2022r1-11.2.0/xtensa-esp32s3-elf/bin/../lib/gcc/xtensa-esp32s3-elf/11.2.0/include-fixed]
  ignore line: [ /Users/luyetong/.espressif/tools/xtensa-esp32s3-elf/esp-2022r1-11.2.0/xtensa-esp32s3-elf/bin/../lib/gcc/xtensa-esp32s3-elf/11.2.0/../../../../xtensa-esp32s3-elf/sys-include]
  ignore line: [ /Users/luyetong/.espressif/tools/xtensa-esp32s3-elf/esp-2022r1-11.2.0/xtensa-esp32s3-elf/bin/../lib/gcc/xtensa-esp32s3-elf/11.2.0/../../../../xtensa-esp32s3-elf/include]
  ignore line: [End of search list.]
  ignore line: [GNU C++17 (crosstool-NG esp-2022r1) version 11.2.0 (xtensa-esp32s3-elf)]
  ignore line: [	compiled by GNU C version 8.3.0  GMP version 6.2.1  MPFR version 4.1.0  MPC version 1.2.1  isl version isl-0.24-GMP]
  ignore line: []
  ignore line: [GGC heuristics: --param ggc-min-expand=100 --param ggc-min-heapsize=131072]
  ignore line: [Compiler executable checksum: 5eb04f52d75f4104c738f486b398e693]
  ignore line: [COLLECT_GCC_OPTIONS='-mlongcalls' '-v' '-o' 'CMakeFiles/cmTC_af78c.dir/CMakeCXXCompilerABI.cpp.obj' '-c' '-dumpdir' 'CMakeFiles/cmTC_af78c.dir/']
  ignore line: [ /Users/luyetong/.espressif/tools/xtensa-esp32s3-elf/esp-2022r1-11.2.0/xtensa-esp32s3-elf/bin/../lib/gcc/xtensa-esp32s3-elf/11.2.0/../../../../xtensa-esp32s3-elf/bin/as --traditional-format --longcalls -o CMakeFiles/cmTC_af78c.dir/CMakeCXXCompilerABI.cpp.obj /var/folders/d3/nbs01q4n45xbt2fmwqlgyzwm0000gn/T//ccZuvzj8.s]
  ignore line: [COMPILER_PATH=/Users/luyetong/.espressif/tools/xtensa-esp32s3-elf/esp-2022r1-11.2.0/xtensa-esp32s3-elf/bin/../libexec/gcc/xtensa-esp32s3-elf/11.2.0/:/Users/luyetong/.espressif/tools/xtensa-esp32s3-elf/esp-2022r1-11.2.0/xtensa-esp32s3-elf/bin/../libexec/gcc/:/Users/luyetong/.espressif/tools/xtensa-esp32s3-elf/esp-2022r1-11.2.0/xtensa-esp32s3-elf/bin/../lib/gcc/xtensa-esp32s3-elf/11.2.0/../../../../xtensa-esp32s3-elf/bin/]
  ignore line: [LIBRARY_PATH=/Users/luyetong/.espressif/tools/xtensa-esp32s3-elf/esp-2022r1-11.2.0/xtensa-esp32s3-elf/bin/../lib/gcc/xtensa-esp32s3-elf/11.2.0/:/Users/luyetong/.espressif/tools/xtensa-esp32s3-elf/esp-2022r1-11.2.0/xtensa-esp32s3-elf/bin/../lib/gcc/:/Users/luyetong/.espressif/tools/xtensa-esp32s3-elf/esp-2022r1-11.2.0/xtensa-esp32s3-elf/bin/../lib/gcc/xtensa-esp32s3-elf/11.2.0/../../../../xtensa-esp32s3-elf/lib/]
  ignore line: [COLLECT_GCC_OPTIONS='-mlongcalls' '-v' '-o' 'CMakeFiles/cmTC_af78c.dir/CMakeCXXCompilerABI.cpp.obj' '-c' '-dumpdir' 'CMakeFiles/cmTC_af78c.dir/CMakeCXXCompilerABI.cpp.']
  ignore line: [[2/2] Linking CXX executable cmTC_af78c]
  ignore line: [Using built-in specs.]
  ignore line: [COLLECT_GCC=/Users/luyetong/.espressif/tools/xtensa-esp32s3-elf/esp-2022r1-11.2.0/xtensa-esp32s3-elf/bin/xtensa-esp32s3-elf-g++]
  ignore line: [COLLECT_LTO_WRAPPER=/Users/luyetong/.espressif/tools/xtensa-esp32s3-elf/esp-2022r1-11.2.0/xtensa-esp32s3-elf/bin/../libexec/gcc/xtensa-esp32s3-elf/11.2.0/lto-wrapper]
  ignore line: [Target: xtensa-esp32s3-elf]
  ignore line: [Configured with: /builds/idf/crosstool-NG/.build/HOST-x86_64-apple-darwin12/xtensa-esp32s3-elf/src/gcc/configure --build=x86_64-build_pc-linux-gnu --host=x86_64-host_apple-darwin12 --target=xtensa-esp32s3-elf --prefix=/builds/idf/crosstool-NG/builds/xtensa-esp32s3-elf --exec_prefix=/builds/idf/crosstool-NG/builds/xtensa-esp32s3-elf --with-local-prefix=/builds/idf/crosstool-NG/builds/xtensa-esp32s3-elf/xtensa-esp32s3-elf --with-headers=/builds/idf/crosstool-NG/builds/xtensa-esp32s3-elf/xtensa-esp32s3-elf/include --with-newlib --enable-threads=no --disable-shared --with-pkgversion='crosstool-NG esp-2022r1' --disable-__cxa_atexit --enable-cxx-flags=-ffunction-sections --disable-libgomp --disable-libmudflap --disable-libmpx --disable-libssp --disable-libquadmath --disable-libquadmath-support --disable-libstdcxx-verbose --with-gmp=/builds/idf/crosstool-NG/.build/HOST-x86_64-apple-darwin12/xtensa-esp32s3-elf/buildtools/complibs-host --with-mpfr=/builds/idf/crosstool-NG/.build/HOST-x86_64-apple-darwin12/xtensa-esp32s3-elf/buildtools/complibs-host --with-mpc=/builds/idf/crosstool-NG/.build/HOST-x86_64-apple-darwin12/xtensa-esp32s3-elf/buildtools/complibs-host --with-isl=/builds/idf/crosstool-NG/.build/HOST-x86_64-apple-darwin12/xtensa-esp32s3-elf/buildtools/complibs-host --enable-lto --enable-target-optspace --without-long-double-128 --disable-nls --enable-multiarch --enable-languages=c c++ --disable-libstdcxx-verbose --enable-threads=posix --enable-gcov-custom-rtio --enable-libstdcxx-time=yes]
  ignore line: [Thread model: posix]
  ignore line: [Supported LTO compression algorithms: zlib]
  ignore line: [gcc version 11.2.0 (crosstool-NG esp-2022r1) ]
  ignore line: [COMPILER_PATH=/Users/luyetong/.espressif/tools/xtensa-esp32s3-elf/esp-2022r1-11.2.0/xtensa-esp32s3-elf/bin/../libexec/gcc/xtensa-esp32s3-elf/11.2.0/:/Users/luyetong/.espressif/tools/xtensa-esp32s3-elf/esp-2022r1-11.2.0/xtensa-esp32s3-elf/bin/../libexec/gcc/:/Users/luyetong/.espressif/tools/xtensa-esp32s3-elf/esp-2022r1-11.2.0/xtensa-esp32s3-elf/bin/../lib/gcc/xtensa-esp32s3-elf/11.2.0/../../../../xtensa-esp32s3-elf/bin/]
  ignore line: [LIBRARY_PATH=/Users/luyetong/.espressif/tools/xtensa-esp32s3-elf/esp-2022r1-11.2.0/xtensa-esp32s3-elf/bin/../lib/gcc/xtensa-esp32s3-elf/11.2.0/:/Users/luyetong/.espressif/tools/xtensa-esp32s3-elf/esp-2022r1-11.2.0/xtensa-esp32s3-elf/bin/../lib/gcc/:/Users/luyetong/.espressif/tools/xtensa-esp32s3-elf/esp-2022r1-11.2.0/xtensa-esp32s3-elf/bin/../lib/gcc/xtensa-esp32s3-elf/11.2.0/../../../../xtensa-esp32s3-elf/lib/]
  ignore line: [COLLECT_GCC_OPTIONS='-mlongcalls' '-v' '-o' 'cmTC_af78c' '-dumpdir' 'cmTC_af78c.']
  link line: [ /Users/luyetong/.espressif/tools/xtensa-esp32s3-elf/esp-2022r1-11.2.0/xtensa-esp32s3-elf/bin/../libexec/gcc/xtensa-esp32s3-elf/11.2.0/collect2 -plugin /Users/luyetong/.espressif/tools/xtensa-esp32s3-elf/esp-2022r1-11.2.0/xtensa-esp32s3-elf/bin/../libexec/gcc/xtensa-esp32s3-elf/11.2.0/liblto_plugin.so -plugin-opt=/Users/luyetong/.espressif/tools/xtensa-esp32s3-elf/esp-2022r1-11.2.0/xtensa-esp32s3-elf/bin/../libexec/gcc/xtensa-esp32s3-elf/11.2.0/lto-wrapper -plugin-opt=-fresolution=/var/folders/d3/nbs01q4n45xbt2fmwqlgyzwm0000gn/T//cckAndQr.res -plugin-opt=-pass-through=-lgcc -plugin-opt=-pass-through=-lc -plugin-opt=-pass-through=-lnosys -plugin-opt=-pass-through=-lc -plugin-opt=-pass-through=-lgcc -o cmTC_af78c /Users/luyetong/.espressif/tools/xtensa-esp32s3-elf/esp-2022r1-11.2.0/xtensa-esp32s3-elf/bin/../lib/gcc/xtensa-esp32s3-elf/11.2.0/../../../../xtensa-esp32s3-elf/lib/crt0.o /Users/luyetong/.espressif/tools/xtensa-esp32s3-elf/esp-2022r1-11.2.0/xtensa-esp32s3-elf/bin/../lib/gcc/xtensa-esp32s3-elf/11.2.0/crti.o /Users/luyetong/.espressif/tools/xtensa-esp32s3-elf/esp-2022r1-11.2.0/xtensa-esp32s3-elf/bin/../lib/gcc/xtensa-esp32s3-elf/11.2.0/crtbegin.o -L/Users/luyetong/.espressif/tools/xtensa-esp32s3-elf/esp-2022r1-11.2.0/xtensa-esp32s3-elf/bin/../lib/gcc/xtensa-esp32s3-elf/11.2.0 -L/Users/luyetong/.espressif/tools/xtensa-esp32s3-elf/esp-2022r1-11.2.0/xtensa-esp32s3-elf/bin/../lib/gcc -L/Users/luyetong/.espressif/tools/xtensa-esp32s3-elf/esp-2022r1-11.2.0/xtensa-esp32s3-elf/bin/../lib/gcc/xtensa-esp32s3-elf/11.2.0/../../../../xtensa-esp32s3-elf/lib CMakeFiles/cmTC_af78c.dir/CMakeCXXCompilerABI.cpp.obj -lstdc++ -lm -lgcc -lc -lnosys -lc -lgcc /Users/luyetong/.espressif/tools/xtensa-esp32s3-elf/esp-2022r1-11.2.0/xtensa-esp32s3-elf/bin/../lib/gcc/xtensa-esp32s3-elf/11.2.0/crtend.o /Users/luyetong/.espressif/tools/xtensa-esp32s3-elf/esp-2022r1-11.2.0/xtensa-esp32s3-elf/bin/../lib/gcc/xtensa-esp32s3-elf/11.2.0/crtn.o]
    arg [/Users/luyetong/.espressif/tools/xtensa-esp32s3-elf/esp-2022r1-11.2.0/xtensa-esp32s3-elf/bin/../libexec/gcc/xtensa-esp32s3-elf/11.2.0/collect2] ==> ignore
    arg [-plugin] ==> ignore
    arg [/Users/luyetong/.espressif/tools/xtensa-esp32s3-elf/esp-2022r1-11.2.0/xtensa-esp32s3-elf/bin/../libexec/gcc/xtensa-esp32s3-elf/11.2.0/liblto_plugin.so] ==> ignore
    arg [-plugin-opt=/Users/luyetong/.espressif/tools/xtensa-esp32s3-elf/esp-2022r1-11.2.0/xtensa-esp32s3-elf/bin/../libexec/gcc/xtensa-esp32s3-elf/11.2.0/lto-wrapper] ==> ignore
    arg [-plugin-opt=-fresolution=/var/folders/d3/nbs01q4n45xbt2fmwqlgyzwm0000gn/T//cckAndQr.res] ==> ignore
    arg [-plugin-opt=-pass-through=-lgcc] ==> ignore
    arg [-plugin-opt=-pass-through=-lc] ==> ignore
    arg [-plugin-opt=-pass-through=-lnosys] ==> ignore
    arg [-plugin-opt=-pass-through=-lc] ==> ignore
    arg [-plugin-opt=-pass-through=-lgcc] ==> ignore
    arg [-o] ==> ignore
    arg [cmTC_af78c] ==> ignore
    arg [/Users/luyetong/.espressif/tools/xtensa-esp32s3-elf/esp-2022r1-11.2.0/xtensa-esp32s3-elf/bin/../lib/gcc/xtensa-esp32s3-elf/11.2.0/../../../../xtensa-esp32s3-elf/lib/crt0.o] ==> obj [/Users/luyetong/.espressif/tools/xtensa-esp32s3-elf/esp-2022r1-11.2.0/xtensa-esp32s3-elf/bin/../lib/gcc/xtensa-esp32s3-elf/11.2.0/../../../../xtensa-esp32s3-elf/lib/crt0.o]
    arg [/Users/luyetong/.espressif/tools/xtensa-esp32s3-elf/esp-2022r1-11.2.0/xtensa-esp32s3-elf/bin/../lib/gcc/xtensa-esp32s3-elf/11.2.0/crti.o] ==> obj [/Users/luyetong/.espressif/tools/xtensa-esp32s3-elf/esp-2022r1-11.2.0/xtensa-esp32s3-elf/bin/../lib/gcc/xtensa-esp32s3-elf/11.2.0/crti.o]
    arg [/Users/luyetong/.espressif/tools/xtensa-esp32s3-elf/esp-2022r1-11.2.0/xtensa-esp32s3-elf/bin/../lib/gcc/xtensa-esp32s3-elf/11.2.0/crtbegin.o] ==> obj [/Users/luyetong/.espressif/tools/xtensa-esp32s3-elf/esp-2022r1-11.2.0/xtensa-esp32s3-elf/bin/../lib/gcc/xtensa-esp32s3-elf/11.2.0/crtbegin.o]
    arg [-L/Users/luyetong/.espressif/tools/xtensa-esp32s3-elf/esp-2022r1-11.2.0/xtensa-esp32s3-elf/bin/../lib/gcc/xtensa-esp32s3-elf/11.2.0] ==> dir [/Users/luyetong/.espressif/tools/xtensa-esp32s3-elf/esp-2022r1-11.2.0/xtensa-esp32s3-elf/bin/../lib/gcc/xtensa-esp32s3-elf/11.2.0]
    arg [-L/Users/luyetong/.espressif/tools/xtensa-esp32s3-elf/esp-2022r1-11.2.0/xtensa-esp32s3-elf/bin/../lib/gcc] ==> dir [/Users/luyetong/.espressif/tools/xtensa-esp32s3-elf/esp-2022r1-11.2.0/xtensa-esp32s3-elf/bin/../lib/gcc]
    arg [-L/Users/luyetong/.espressif/tools/xtensa-esp32s3-elf/esp-2022r1-11.2.0/xtensa-esp32s3-elf/bin/../lib/gcc/xtensa-esp32s3-elf/11.2.0/../../../../xtensa-esp32s3-elf/lib] ==> dir [/Users/luyetong/.espressif/tools/xtensa-esp32s3-elf/esp-2022r1-11.2.0/xtensa-esp32s3-elf/bin/../lib/gcc/xtensa-esp32s3-elf/11.2.0/../../../../xtensa-esp32s3-elf/lib]
    arg [CMakeFiles/cmTC_af78c.dir/CMakeCXXCompilerABI.cpp.obj] ==> ignore
    arg [-lstdc++] ==> lib [stdc++]
    arg [-lm] ==> lib [m]
    arg [-lgcc] ==> lib [gcc]
    arg [-lc] ==> lib [c]
    arg [-lnosys] ==> lib [nosys]
    arg [-lc] ==> lib [c]
    arg [-lgcc] ==> lib [gcc]
    arg [/Users/luyetong/.espressif/tools/xtensa-esp32s3-elf/esp-2022r1-11.2.0/xtensa-esp32s3-elf/bin/../lib/gcc/xtensa-esp32s3-elf/11.2.0/crtend.o] ==> obj [/Users/luyetong/.espressif/tools/xtensa-esp32s3-elf/esp-2022r1-11.2.0/xtensa-esp32s3-elf/bin/../lib/gcc/xtensa-esp32s3-elf/11.2.0/crtend.o]
    arg [/Users/luyetong/.espressif/tools/xtensa-esp32s3-elf/esp-2022r1-11.2.0/xtensa-esp32s3-elf/bin/../lib/gcc/xtensa-esp32s3-elf/11.2.0/crtn.o] ==> obj [/Users/luyetong/.espressif/tools/xtensa-esp32s3-elf/esp-2022r1-11.2.0/xtensa-esp32s3-elf/bin/../lib/gcc/xtensa-esp32s3-elf/11.2.0/crtn.o]
  collapse obj [/Users/luyetong/.espressif/tools/xtensa-esp32s3-elf/esp-2022r1-11.2.0/xtensa-esp32s3-elf/bin/../lib/gcc/xtensa-esp32s3-elf/11.2.0/../../../../xtensa-esp32s3-elf/lib/crt0.o] ==> [/Users/luyetong/.espressif/tools/xtensa-esp32s3-elf/esp-2022r1-11.2.0/xtensa-esp32s3-elf/xtensa-esp32s3-elf/lib/crt0.o]
  collapse obj [/Users/luyetong/.espressif/tools/xtensa-esp32s3-elf/esp-2022r1-11.2.0/xtensa-esp32s3-elf/bin/../lib/gcc/xtensa-esp32s3-elf/11.2.0/crti.o] ==> [/Users/luyetong/.espressif/tools/xtensa-esp32s3-elf/esp-2022r1-11.2.0/xtensa-esp32s3-elf/lib/gcc/xtensa-esp32s3-elf/11.2.0/crti.o]
  collapse obj [/Users/luyetong/.espressif/tools/xtensa-esp32s3-elf/esp-2022r1-11.2.0/xtensa-esp32s3-elf/bin/../lib/gcc/xtensa-esp32s3-elf/11.2.0/crtbegin.o] ==> [/Users/luyetong/.espressif/tools/xtensa-esp32s3-elf/esp-2022r1-11.2.0/xtensa-esp32s3-elf/lib/gcc/xtensa-esp32s3-elf/11.2.0/crtbegin.o]
  collapse obj [/Users/luyetong/.espressif/tools/xtensa-esp32s3-elf/esp-2022r1-11.2.0/xtensa-esp32s3-elf/bin/../lib/gcc/xtensa-esp32s3-elf/11.2.0/crtend.o] ==> [/Users/luyetong/.espressif/tools/xtensa-esp32s3-elf/esp-2022r1-11.2.0/xtensa-esp32s3-elf/lib/gcc/xtensa-esp32s3-elf/11.2.0/crtend.o]
  collapse obj [/Users/luyetong/.espressif/tools/xtensa-esp32s3-elf/esp-2022r1-11.2.0/xtensa-esp32s3-elf/bin/../lib/gcc/xtensa-esp32s3-elf/11.2.0/crtn.o] ==> [/Users/luyetong/.espressif/tools/xtensa-esp32s3-elf/esp-2022r1-11.2.0/xtensa-esp32s3-elf/lib/gcc/xtensa-esp32s3-elf/11.2.0/crtn.o]
  collapse library dir [/Users/luyetong/.espressif/tools/xtensa-esp32s3-elf/esp-2022r1-11.2.0/xtensa-esp32s3-elf/bin/../lib/gcc/xtensa-esp32s3-elf/11.2.0] ==> [/Users/luyetong/.espressif/tools/xtensa-esp32s3-elf/esp-2022r1-11.2.0/xtensa-esp32s3-elf/lib/gcc/xtensa-esp32s3-elf/11.2.0]
  collapse library dir [/Users/luyetong/.espressif/tools/xtensa-esp32s3-elf/esp-2022r1-11.2.0/xtensa-esp32s3-elf/bin/../lib/gcc] ==> [/Users/luyetong/.espressif/tools/xtensa-esp32s3-elf/esp-2022r1-11.2.0/xtensa-esp32s3-elf/lib/gcc]
  collapse library dir [/Users/luyetong/.espressif/tools/xtensa-esp32s3-elf/esp-2022r1-11.2.0/xtensa-esp32s3-elf/bin/../lib/gcc/xtensa-esp32s3-elf/11.2.0/../../../../xtensa-esp32s3-elf/lib] ==> [/Users/luyetong/.espressif/tools/xtensa-esp32s3-elf/esp-2022r1-11.2.0/xtensa-esp32s3-elf/xtensa-esp32s3-elf/lib]
  implicit libs: [stdc++;m;gcc;c;nosys;c;gcc]
  implicit objs: [/Users/luyetong/.espressif/tools/xtensa-esp32s3-elf/esp-2022r1-11.2.0/xtensa-esp32s3-elf/xtensa-esp32s3-elf/lib/crt0.o;/Users/luyetong/.espressif/tools/xtensa-esp32s3-elf/esp-2022r1-11.2.0/xtensa-esp32s3-elf/lib/gcc/xtensa-esp32s3-elf/11.2.0/crti.o;/Users/luyetong/.espressif/tools/xtensa-esp32s3-elf/esp-2022r1-11.2.0/xtensa-esp32s3-elf/lib/gcc/xtensa-esp32s3-elf/11.2.0/crtbegin.o;/Users/luyetong/.espressif/tools/xtensa-esp32s3-elf/esp-2022r1-11.2.0/xtensa-esp32s3-elf/lib/gcc/xtensa-esp32s3-elf/11.2.0/crtend.o;/Users/luyetong/.espressif/tools/xtensa-esp32s3-elf/esp-2022r1-11.2.0/xtensa-esp32s3-elf/lib/gcc/xtensa-esp32s3-elf/11.2.0/crtn.o]
  implicit dirs: [/Users/luyetong/.espressif/tools/xtensa-esp32s3-elf/esp-2022r1-11.2.0/xtensa-esp32s3-elf/lib/gcc/xtensa-esp32s3-elf/11.2.0;/Users/luyetong/.espressif/tools/xtensa-esp32s3-elf/esp-2022r1-11.2.0/xtensa-esp32s3-elf/lib/gcc;/Users/luyetong/.espressif/tools/xtensa-esp32s3-elf/esp-2022r1-11.2.0/xtensa-esp32s3-elf/xtensa-esp32s3-elf/lib]
  implicit fwks: []


Determining if the include file sys/types.h exists passed with the following output:
Change Dir: /Users/luyetong/ESP32Code/vehicle_monitor_for_esp32s3/build/CMakeFiles/CMakeTmp

Run Build Command(s):/Users/luyetong/.espressif/tools/ninja/1.10.2/ninja cmTC_65fdf && [1/2] Building C object CMakeFiles/cmTC_65fdf.dir/CheckIncludeFile.c.obj
[2/2] Linking C executable cmTC_65fdf



Determining if the include file stdint.h exists passed with the following output:
Change Dir: /Users/luyetong/ESP32Code/vehicle_monitor_for_esp32s3/build/CMakeFiles/CMakeTmp

Run Build Command(s):/Users/luyetong/.espressif/tools/ninja/1.10.2/ninja cmTC_63f61 && [1/2] Building C object CMakeFiles/cmTC_63f61.dir/CheckIncludeFile.c.obj
[2/2] Linking C executable cmTC_63f61



Determining if the include file stddef.h exists passed with the following output:
Change Dir: /Users/luyetong/ESP32Code/vehicle_monitor_for_esp32s3/build/CMakeFiles/CMakeTmp

Run Build Command(s):/Users/luyetong/.espressif/tools/ninja/1.10.2/ninja cmTC_68d59 && [1/2] Building C object CMakeFiles/cmTC_68d59.dir/CheckIncludeFile.c.obj
[2/2] Linking C executable cmTC_68d59



Determining size of time_t passed with the following output:
Change Dir: /Users/luyetong/ESP32Code/vehicle_monitor_for_esp32s3/build/CMakeFiles/CMakeTmp

Run Build Command(s):/Users/luyetong/.espressif/tools/ninja/1.10.2/ninja cmTC_24ae7 && [1/2] Building C object CMakeFiles/cmTC_24ae7.dir/TIME_T_SIZE.c.obj
[2/2] Linking C executable cmTC_24ae7



Performing C SOURCE FILE Test C_COMPILER_SUPPORTS_WFORMAT_SIGNEDNESS succeeded with the following output:
Change Dir: /Users/luyetong/ESP32Code/vehicle_monitor_for_esp32s3/build/CMakeFiles/CMakeTmp

Run Build Command(s):/Users/luyetong/.espressif/tools/ninja/1.10.2/ninja cmTC_1cb66 && [1/2] Building C object CMakeFiles/cmTC_1cb66.dir/src.c.obj
[2/2] Linking C executable cmTC_1cb66


Source file was:
int main(void) { return 0; }
